<?xml version="1.0" encoding="UTF-8"?>
<testsuite xmlns:xsi="http://www.w3.org/2001/XMLSchema-instance" xsi:noNamespaceSchemaLocation="https://maven.apache.org/surefire/maven-surefire-plugin/xsd/surefire-test-report-3.0.xsd" version="3.0" name="daoTest.TaskTestDao" time="54.734" tests="7" errors="0" skipped="0" failures="2">
  <properties>
[...]
</properties>
  <testcase name="saveTask" classname="daoTest.TaskTestDao" time="18.859">
    <system-out><![CDATA[Hibernate: 
    select
        nextval ('sq_taskList')
Hibernate: 
    insert 
    into
        tb_tasklist
        (date, id) 
    values
        (?, ?)
Hibernate: 
    select
        nextval ('sq_task')
Hibernate: 
    insert 
    into
        tb_task
        (date, mark, name, note, list_id, type, id) 
    values
        (?, ?, ?, ?, ?, 'Task', ?)
Hibernate: 
    select
        task0_.id as id2_0_,
        task0_.date as date3_0_,
        task0_.mark as mark4_0_,
        task0_.name as name5_0_,
        task0_.note as note6_0_,
        task0_.list_id as list_id8_0_,
        task0_.hour as hour7_0_,
        task0_.type as type1_0_ 
    from
        tb_task task0_
Hibernate: 
    select
        tasklist0_.id as id1_1_0_,
        tasklist0_.date as date2_1_0_ 
    from
        tb_tasklist tasklist0_ 
    where
        tasklist0_.id=?
Hibernate: 
    select
        tasklist0_.id as id1_1_0_,
        tasklist0_.date as date2_1_0_ 
    from
        tb_tasklist tasklist0_ 
    where
        tasklist0_.id=?
Hibernate: 
    select
        task0_.id as id2_0_0_,
        task0_.date as date3_0_0_,
        task0_.mark as mark4_0_0_,
        task0_.name as name5_0_0_,
        task0_.note as note6_0_0_,
        task0_.list_id as list_id8_0_0_,
        task0_.hour as hour7_0_0_,
        task0_.type as type1_0_0_ 
    from
        tb_task task0_ 
    where
        task0_.id=?
Hibernate: 
    select
        tasklist0_.id as id1_1_0_,
        tasklist0_.date as date2_1_0_ 
    from
        tb_tasklist tasklist0_ 
    where
        tasklist0_.id=?
Hibernate: 
    delete 
    from
        tb_task 
    where
        id=?
Hibernate: 
    select
        task0_.id as id2_0_0_,
        task0_.date as date3_0_0_,
        task0_.mark as mark4_0_0_,
        task0_.name as name5_0_0_,
        task0_.note as note6_0_0_,
        task0_.list_id as list_id8_0_0_,
        task0_.hour as hour7_0_0_,
        task0_.type as type1_0_0_ 
    from
        tb_task task0_ 
    where
        task0_.id=?
Hibernate: 
    select
        tasklist0_.id as id1_1_0_,
        tasklist0_.date as date2_1_0_ 
    from
        tb_tasklist tasklist0_ 
    where
        tasklist0_.id=?
Hibernate: 
    delete 
    from
        tb_task 
    where
        id=?
Hibernate: 
    select
        task0_.id as id2_0_0_,
        task0_.date as date3_0_0_,
        task0_.mark as mark4_0_0_,
        task0_.name as name5_0_0_,
        task0_.note as note6_0_0_,
        task0_.list_id as list_id8_0_0_,
        task0_.hour as hour7_0_0_,
        task0_.type as type1_0_0_ 
    from
        tb_task task0_ 
    where
        task0_.id=?
Hibernate: 
    select
        tasklist0_.id as id1_1_0_,
        tasklist0_.date as date2_1_0_ 
    from
        tb_tasklist tasklist0_ 
    where
        tasklist0_.id=?
Hibernate: 
    delete 
    from
        tb_task 
    where
        id=?
Hibernate: 
    select
        event0_.id as id2_0_0_,
        event0_.date as date3_0_0_,
        event0_.mark as mark4_0_0_,
        event0_.name as name5_0_0_,
        event0_.note as note6_0_0_,
        event0_.list_id as list_id8_0_0_,
        event0_.hour as hour7_0_0_ 
    from
        tb_task event0_ 
    where
        event0_.id=? 
        and event0_.type='Event'
Hibernate: 
    select
        tasklist0_.id as id1_1_0_,
        tasklist0_.date as date2_1_0_ 
    from
        tb_tasklist tasklist0_ 
    where
        tasklist0_.id=?
Hibernate: 
    delete 
    from
        tb_task 
    where
        id=?
Hibernate: 
    select
        tasklist0_.id as id1_1_,
        tasklist0_.date as date2_1_ 
    from
        tb_tasklist tasklist0_
Hibernate: 
    select
        tasklist0_.id as id1_1_0_,
        tasklist0_.date as date2_1_0_ 
    from
        tb_tasklist tasklist0_ 
    where
        tasklist0_.id=?
Hibernate: 
    select
        tasks0_.list_id as list_id8_0_0_,
        tasks0_.id as id2_0_0_,
        tasks0_.id as id2_0_1_,
        tasks0_.date as date3_0_1_,
        tasks0_.mark as mark4_0_1_,
        tasks0_.name as name5_0_1_,
        tasks0_.note as note6_0_1_,
        tasks0_.list_id as list_id8_0_1_,
        tasks0_.hour as hour7_0_1_,
        tasks0_.type as type1_0_1_ 
    from
        tb_task tasks0_ 
    where
        tasks0_.list_id=?
Hibernate: 
    delete 
    from
        tb_tasklist 
    where
        id=?
Hibernate: 
    select
        tasklist0_.id as id1_1_0_,
        tasklist0_.date as date2_1_0_ 
    from
        tb_tasklist tasklist0_ 
    where
        tasklist0_.id=?
Hibernate: 
    select
        tasks0_.list_id as list_id8_0_0_,
        tasks0_.id as id2_0_0_,
        tasks0_.id as id2_0_1_,
        tasks0_.date as date3_0_1_,
        tasks0_.mark as mark4_0_1_,
        tasks0_.name as name5_0_1_,
        tasks0_.note as note6_0_1_,
        tasks0_.list_id as list_id8_0_1_,
        tasks0_.hour as hour7_0_1_,
        tasks0_.type as type1_0_1_ 
    from
        tb_task tasks0_ 
    where
        tasks0_.list_id=?
Hibernate: 
    delete 
    from
        tb_tasklist 
    where
        id=?
]]></system-out>
    <system-err><![CDATA[mar. 03, 2025 9:16:10 PM org.hibernate.jpa.boot.spi.ProviderChecker hibernateProviderNamesContain
WARN: HHH015016: Encountered a deprecated javax.persistence.spi.PersistenceProvider [org.hibernate.ejb.HibernatePersistence]; [org.hibernate.jpa.HibernatePersistenceProvider] will be used instead.
mar. 03, 2025 9:16:10 PM org.hibernate.jpa.internal.util.LogHelper logPersistenceUnitInformation
INFO: HHH000204: Processing PersistenceUnitInfo [name: TaskListJPA]
mar. 03, 2025 9:16:11 PM org.hibernate.Version logVersion
INFO: HHH000412: Hibernate ORM core version 5.6.2.Final
mar. 03, 2025 9:16:12 PM org.hibernate.annotations.common.reflection.java.JavaReflectionManager <clinit>
INFO: HCANN000001: Hibernate Commons Annotations {5.1.2.Final}
mar. 03, 2025 9:16:13 PM org.hibernate.engine.jdbc.connections.internal.DriverManagerConnectionProviderImpl configure
WARN: HHH10001002: Using Hibernate built-in connection pool (not for production use!)
mar. 03, 2025 9:16:13 PM org.hibernate.engine.jdbc.connections.internal.DriverManagerConnectionProviderImpl buildCreator
INFO: HHH10001005: using driver [org.postgresql.Driver] at URL [jdbc:postgresql://localhost:5432/task_list]
mar. 03, 2025 9:16:13 PM org.hibernate.engine.jdbc.connections.internal.DriverManagerConnectionProviderImpl buildCreator
INFO: HHH10001001: Connection properties: {password=****, user=postgres}
mar. 03, 2025 9:16:13 PM org.hibernate.engine.jdbc.connections.internal.DriverManagerConnectionProviderImpl buildCreator
INFO: HHH10001003: Autocommit mode: false
mar. 03, 2025 9:16:13 PM org.hibernate.engine.jdbc.connections.internal.DriverManagerConnectionProviderImpl$PooledConnections <init>
INFO: HHH000115: Hibernate connection pool size: 20 (min=1)
mar. 03, 2025 9:16:14 PM org.hibernate.dialect.Dialect <init>
INFO: HHH000400: Using dialect: org.hibernate.dialect.PostgreSQLDialect
mar. 03, 2025 9:16:18 PM org.hibernate.resource.transaction.backend.jdbc.internal.DdlTransactionIsolatorNonJtaImpl getIsolatedConnection
INFO: HHH10001501: Connection obtained from JdbcConnectionAccess [org.hibernate.engine.jdbc.env.internal.JdbcEnvironmentInitiator$ConnectionProviderJdbcConnectionAccess@71c17a57] for (non-JTA) DDL execution was not in auto-commit mode; the Connection 'local transaction' will be committed and the Connection will be set into auto-commit mode.
mar. 03, 2025 9:16:18 PM org.hibernate.engine.transaction.jta.platform.internal.JtaPlatformInitiator initiateService
INFO: HHH000490: Using JtaPlatform implementation: [org.hibernate.engine.transaction.jta.platform.internal.NoJtaPlatform]
mar. 03, 2025 9:16:18 PM org.hibernate.engine.jdbc.connections.internal.DriverManagerConnectionProviderImpl$PoolState stop
INFO: HHH10001008: Cleaning up connection pool [jdbc:postgresql://localhost:5432/task_list]
mar. 03, 2025 9:16:18 PM org.hibernate.jpa.boot.spi.ProviderChecker hibernateProviderNamesContain
WARN: HHH015016: Encountered a deprecated javax.persistence.spi.PersistenceProvider [org.hibernate.ejb.HibernatePersistence]; [org.hibernate.jpa.HibernatePersistenceProvider] will be used instead.
mar. 03, 2025 9:16:18 PM org.hibernate.jpa.internal.util.LogHelper logPersistenceUnitInformation
INFO: HHH000204: Processing PersistenceUnitInfo [name: TaskListJPA]
mar. 03, 2025 9:16:18 PM org.hibernate.engine.jdbc.connections.internal.DriverManagerConnectionProviderImpl configure
WARN: HHH10001002: Using Hibernate built-in connection pool (not for production use!)
mar. 03, 2025 9:16:18 PM org.hibernate.engine.jdbc.connections.internal.DriverManagerConnectionProviderImpl buildCreator
INFO: HHH10001005: using driver [org.postgresql.Driver] at URL [jdbc:postgresql://localhost:5432/task_list]
mar. 03, 2025 9:16:18 PM org.hibernate.engine.jdbc.connections.internal.DriverManagerConnectionProviderImpl buildCreator
INFO: HHH10001001: Connection properties: {password=****, user=postgres}
mar. 03, 2025 9:16:18 PM org.hibernate.engine.jdbc.connections.internal.DriverManagerConnectionProviderImpl buildCreator
INFO: HHH10001003: Autocommit mode: false
mar. 03, 2025 9:16:18 PM org.hibernate.engine.jdbc.connections.internal.DriverManagerConnectionProviderImpl$PooledConnections <init>
INFO: HHH000115: Hibernate connection pool size: 20 (min=1)
mar. 03, 2025 9:16:19 PM org.hibernate.dialect.Dialect <init>
INFO: HHH000400: Using dialect: org.hibernate.dialect.PostgreSQLDialect
mar. 03, 2025 9:16:19 PM org.hibernate.resource.transaction.backend.jdbc.internal.DdlTransactionIsolatorNonJtaImpl getIsolatedConnection
INFO: HHH10001501: Connection obtained from JdbcConnectionAccess [org.hibernate.engine.jdbc.env.internal.JdbcEnvironmentInitiator$ConnectionProviderJdbcConnectionAccess@2f14b0f6] for (non-JTA) DDL execution was not in auto-commit mode; the Connection 'local transaction' will be committed and the Connection will be set into auto-commit mode.
mar. 03, 2025 9:16:19 PM org.hibernate.engine.transaction.jta.platform.internal.JtaPlatformInitiator initiateService
INFO: HHH000490: Using JtaPlatform implementation: [org.hibernate.engine.transaction.jta.platform.internal.NoJtaPlatform]
mar. 03, 2025 9:16:19 PM org.hibernate.engine.jdbc.connections.internal.DriverManagerConnectionProviderImpl$PoolState stop
INFO: HHH10001008: Cleaning up connection pool [jdbc:postgresql://localhost:5432/task_list]
mar. 03, 2025 9:16:19 PM org.hibernate.jpa.boot.spi.ProviderChecker hibernateProviderNamesContain
WARN: HHH015016: Encountered a deprecated javax.persistence.spi.PersistenceProvider [org.hibernate.ejb.HibernatePersistence]; [org.hibernate.jpa.HibernatePersistenceProvider] will be used instead.
mar. 03, 2025 9:16:19 PM org.hibernate.jpa.internal.util.LogHelper logPersistenceUnitInformation
INFO: HHH000204: Processing PersistenceUnitInfo [name: TaskListJPA]
mar. 03, 2025 9:16:19 PM org.hibernate.engine.jdbc.connections.internal.DriverManagerConnectionProviderImpl configure
WARN: HHH10001002: Using Hibernate built-in connection pool (not for production use!)
mar. 03, 2025 9:16:19 PM org.hibernate.engine.jdbc.connections.internal.DriverManagerConnectionProviderImpl buildCreator
INFO: HHH10001005: using driver [org.postgresql.Driver] at URL [jdbc:postgresql://localhost:5432/task_list]
mar. 03, 2025 9:16:19 PM org.hibernate.engine.jdbc.connections.internal.DriverManagerConnectionProviderImpl buildCreator
INFO: HHH10001001: Connection properties: {password=****, user=postgres}
mar. 03, 2025 9:16:19 PM org.hibernate.engine.jdbc.connections.internal.DriverManagerConnectionProviderImpl buildCreator
INFO: HHH10001003: Autocommit mode: false
mar. 03, 2025 9:16:19 PM org.hibernate.engine.jdbc.connections.internal.DriverManagerConnectionProviderImpl$PooledConnections <init>
INFO: HHH000115: Hibernate connection pool size: 20 (min=1)
mar. 03, 2025 9:16:20 PM org.hibernate.dialect.Dialect <init>
INFO: HHH000400: Using dialect: org.hibernate.dialect.PostgreSQLDialect
mar. 03, 2025 9:16:20 PM org.hibernate.resource.transaction.backend.jdbc.internal.DdlTransactionIsolatorNonJtaImpl getIsolatedConnection
INFO: HHH10001501: Connection obtained from JdbcConnectionAccess [org.hibernate.engine.jdbc.env.internal.JdbcEnvironmentInitiator$ConnectionProviderJdbcConnectionAccess@60e06f7d] for (non-JTA) DDL execution was not in auto-commit mode; the Connection 'local transaction' will be committed and the Connection will be set into auto-commit mode.
mar. 03, 2025 9:16:20 PM org.hibernate.engine.transaction.jta.platform.internal.JtaPlatformInitiator initiateService
INFO: HHH000490: Using JtaPlatform implementation: [org.hibernate.engine.transaction.jta.platform.internal.NoJtaPlatform]
mar. 03, 2025 9:16:21 PM org.hibernate.engine.jdbc.connections.internal.DriverManagerConnectionProviderImpl$PoolState stop
INFO: HHH10001008: Cleaning up connection pool [jdbc:postgresql://localhost:5432/task_list]
mar. 03, 2025 9:16:21 PM org.hibernate.jpa.boot.spi.ProviderChecker hibernateProviderNamesContain
WARN: HHH015016: Encountered a deprecated javax.persistence.spi.PersistenceProvider [org.hibernate.ejb.HibernatePersistence]; [org.hibernate.jpa.HibernatePersistenceProvider] will be used instead.
mar. 03, 2025 9:16:21 PM org.hibernate.jpa.internal.util.LogHelper logPersistenceUnitInformation
INFO: HHH000204: Processing PersistenceUnitInfo [name: TaskListJPA]
mar. 03, 2025 9:16:21 PM org.hibernate.engine.jdbc.connections.internal.DriverManagerConnectionProviderImpl configure
WARN: HHH10001002: Using Hibernate built-in connection pool (not for production use!)
mar. 03, 2025 9:16:21 PM org.hibernate.engine.jdbc.connections.internal.DriverManagerConnectionProviderImpl buildCreator
INFO: HHH10001005: using driver [org.postgresql.Driver] at URL [jdbc:postgresql://localhost:5432/task_list]
mar. 03, 2025 9:16:21 PM org.hibernate.engine.jdbc.connections.internal.DriverManagerConnectionProviderImpl buildCreator
INFO: HHH10001001: Connection properties: {password=****, user=postgres}
mar. 03, 2025 9:16:21 PM org.hibernate.engine.jdbc.connections.internal.DriverManagerConnectionProviderImpl buildCreator
INFO: HHH10001003: Autocommit mode: false
mar. 03, 2025 9:16:21 PM org.hibernate.engine.jdbc.connections.internal.DriverManagerConnectionProviderImpl$PooledConnections <init>
INFO: HHH000115: Hibernate connection pool size: 20 (min=1)
mar. 03, 2025 9:16:21 PM org.hibernate.dialect.Dialect <init>
INFO: HHH000400: Using dialect: org.hibernate.dialect.PostgreSQLDialect
mar. 03, 2025 9:16:21 PM org.hibernate.resource.transaction.backend.jdbc.internal.DdlTransactionIsolatorNonJtaImpl getIsolatedConnection
INFO: HHH10001501: Connection obtained from JdbcConnectionAccess [org.hibernate.engine.jdbc.env.internal.JdbcEnvironmentInitiator$ConnectionProviderJdbcConnectionAccess@1ca610a0] for (non-JTA) DDL execution was not in auto-commit mode; the Connection 'local transaction' will be committed and the Connection will be set into auto-commit mode.
mar. 03, 2025 9:16:21 PM org.hibernate.engine.transaction.jta.platform.internal.JtaPlatformInitiator initiateService
INFO: HHH000490: Using JtaPlatform implementation: [org.hibernate.engine.transaction.jta.platform.internal.NoJtaPlatform]
mar. 03, 2025 9:16:21 PM org.hibernate.engine.jdbc.connections.internal.DriverManagerConnectionProviderImpl$PoolState stop
INFO: HHH10001008: Cleaning up connection pool [jdbc:postgresql://localhost:5432/task_list]
mar. 03, 2025 9:16:21 PM org.hibernate.jpa.boot.spi.ProviderChecker hibernateProviderNamesContain
WARN: HHH015016: Encountered a deprecated javax.persistence.spi.PersistenceProvider [org.hibernate.ejb.HibernatePersistence]; [org.hibernate.jpa.HibernatePersistenceProvider] will be used instead.
mar. 03, 2025 9:16:21 PM org.hibernate.jpa.internal.util.LogHelper logPersistenceUnitInformation
INFO: HHH000204: Processing PersistenceUnitInfo [name: TaskListJPA]
mar. 03, 2025 9:16:21 PM org.hibernate.engine.jdbc.connections.internal.DriverManagerConnectionProviderImpl configure
WARN: HHH10001002: Using Hibernate built-in connection pool (not for production use!)
mar. 03, 2025 9:16:21 PM org.hibernate.engine.jdbc.connections.internal.DriverManagerConnectionProviderImpl buildCreator
INFO: HHH10001005: using driver [org.postgresql.Driver] at URL [jdbc:postgresql://localhost:5432/task_list]
mar. 03, 2025 9:16:21 PM org.hibernate.engine.jdbc.connections.internal.DriverManagerConnectionProviderImpl buildCreator
INFO: HHH10001001: Connection properties: {password=****, user=postgres}
mar. 03, 2025 9:16:21 PM org.hibernate.engine.jdbc.connections.internal.DriverManagerConnectionProviderImpl buildCreator
INFO: HHH10001003: Autocommit mode: false
mar. 03, 2025 9:16:21 PM org.hibernate.engine.jdbc.connections.internal.DriverManagerConnectionProviderImpl$PooledConnections <init>
INFO: HHH000115: Hibernate connection pool size: 20 (min=1)
mar. 03, 2025 9:16:22 PM org.hibernate.dialect.Dialect <init>
INFO: HHH000400: Using dialect: org.hibernate.dialect.PostgreSQLDialect
mar. 03, 2025 9:16:22 PM org.hibernate.resource.transaction.backend.jdbc.internal.DdlTransactionIsolatorNonJtaImpl getIsolatedConnection
INFO: HHH10001501: Connection obtained from JdbcConnectionAccess [org.hibernate.engine.jdbc.env.internal.JdbcEnvironmentInitiator$ConnectionProviderJdbcConnectionAccess@b4732dc] for (non-JTA) DDL execution was not in auto-commit mode; the Connection 'local transaction' will be committed and the Connection will be set into auto-commit mode.
mar. 03, 2025 9:16:22 PM org.hibernate.engine.transaction.jta.platform.internal.JtaPlatformInitiator initiateService
INFO: HHH000490: Using JtaPlatform implementation: [org.hibernate.engine.transaction.jta.platform.internal.NoJtaPlatform]
mar. 03, 2025 9:16:22 PM org.hibernate.engine.jdbc.connections.internal.DriverManagerConnectionProviderImpl$PoolState stop
INFO: HHH10001008: Cleaning up connection pool [jdbc:postgresql://localhost:5432/task_list]
mar. 03, 2025 9:16:22 PM org.hibernate.jpa.boot.spi.ProviderChecker hibernateProviderNamesContain
WARN: HHH015016: Encountered a deprecated javax.persistence.spi.PersistenceProvider [org.hibernate.ejb.HibernatePersistence]; [org.hibernate.jpa.HibernatePersistenceProvider] will be used instead.
mar. 03, 2025 9:16:22 PM org.hibernate.jpa.internal.util.LogHelper logPersistenceUnitInformation
INFO: HHH000204: Processing PersistenceUnitInfo [name: TaskListJPA]
mar. 03, 2025 9:16:22 PM org.hibernate.engine.jdbc.connections.internal.DriverManagerConnectionProviderImpl configure
WARN: HHH10001002: Using Hibernate built-in connection pool (not for production use!)
mar. 03, 2025 9:16:22 PM org.hibernate.engine.jdbc.connections.internal.DriverManagerConnectionProviderImpl buildCreator
INFO: HHH10001005: using driver [org.postgresql.Driver] at URL [jdbc:postgresql://localhost:5432/task_list]
mar. 03, 2025 9:16:22 PM org.hibernate.engine.jdbc.connections.internal.DriverManagerConnectionProviderImpl buildCreator
INFO: HHH10001001: Connection properties: {password=****, user=postgres}
mar. 03, 2025 9:16:22 PM org.hibernate.engine.jdbc.connections.internal.DriverManagerConnectionProviderImpl buildCreator
INFO: HHH10001003: Autocommit mode: false
mar. 03, 2025 9:16:22 PM org.hibernate.engine.jdbc.connections.internal.DriverManagerConnectionProviderImpl$PooledConnections <init>
INFO: HHH000115: Hibernate connection pool size: 20 (min=1)
mar. 03, 2025 9:16:23 PM org.hibernate.dialect.Dialect <init>
INFO: HHH000400: Using dialect: org.hibernate.dialect.PostgreSQLDialect
mar. 03, 2025 9:16:23 PM org.hibernate.resource.transaction.backend.jdbc.internal.DdlTransactionIsolatorNonJtaImpl getIsolatedConnection
INFO: HHH10001501: Connection obtained from JdbcConnectionAccess [org.hibernate.engine.jdbc.env.internal.JdbcEnvironmentInitiator$ConnectionProviderJdbcConnectionAccess@741741d0] for (non-JTA) DDL execution was not in auto-commit mode; the Connection 'local transaction' will be committed and the Connection will be set into auto-commit mode.
mar. 03, 2025 9:16:23 PM org.hibernate.engine.transaction.jta.platform.internal.JtaPlatformInitiator initiateService
INFO: HHH000490: Using JtaPlatform implementation: [org.hibernate.engine.transaction.jta.platform.internal.NoJtaPlatform]
mar. 03, 2025 9:16:23 PM org.hibernate.engine.jdbc.connections.internal.DriverManagerConnectionProviderImpl$PoolState stop
INFO: HHH10001008: Cleaning up connection pool [jdbc:postgresql://localhost:5432/task_list]
mar. 03, 2025 9:16:23 PM org.hibernate.jpa.boot.spi.ProviderChecker hibernateProviderNamesContain
WARN: HHH015016: Encountered a deprecated javax.persistence.spi.PersistenceProvider [org.hibernate.ejb.HibernatePersistence]; [org.hibernate.jpa.HibernatePersistenceProvider] will be used instead.
mar. 03, 2025 9:16:23 PM org.hibernate.jpa.internal.util.LogHelper logPersistenceUnitInformation
INFO: HHH000204: Processing PersistenceUnitInfo [name: TaskListJPA]
mar. 03, 2025 9:16:23 PM org.hibernate.engine.jdbc.connections.internal.DriverManagerConnectionProviderImpl configure
WARN: HHH10001002: Using Hibernate built-in connection pool (not for production use!)
mar. 03, 2025 9:16:23 PM org.hibernate.engine.jdbc.connections.internal.DriverManagerConnectionProviderImpl buildCreator
INFO: HHH10001005: using driver [org.postgresql.Driver] at URL [jdbc:postgresql://localhost:5432/task_list]
mar. 03, 2025 9:16:23 PM org.hibernate.engine.jdbc.connections.internal.DriverManagerConnectionProviderImpl buildCreator
INFO: HHH10001001: Connection properties: {password=****, user=postgres}
mar. 03, 2025 9:16:23 PM org.hibernate.engine.jdbc.connections.internal.DriverManagerConnectionProviderImpl buildCreator
INFO: HHH10001003: Autocommit mode: false
mar. 03, 2025 9:16:23 PM org.hibernate.engine.jdbc.connections.internal.DriverManagerConnectionProviderImpl$PooledConnections <init>
INFO: HHH000115: Hibernate connection pool size: 20 (min=1)
mar. 03, 2025 9:16:23 PM org.hibernate.dialect.Dialect <init>
INFO: HHH000400: Using dialect: org.hibernate.dialect.PostgreSQLDialect
mar. 03, 2025 9:16:24 PM org.hibernate.resource.transaction.backend.jdbc.internal.DdlTransactionIsolatorNonJtaImpl getIsolatedConnection
INFO: HHH10001501: Connection obtained from JdbcConnectionAccess [org.hibernate.engine.jdbc.env.internal.JdbcEnvironmentInitiator$ConnectionProviderJdbcConnectionAccess@15e1f8fe] for (non-JTA) DDL execution was not in auto-commit mode; the Connection 'local transaction' will be committed and the Connection will be set into auto-commit mode.
mar. 03, 2025 9:16:24 PM org.hibernate.engine.transaction.jta.platform.internal.JtaPlatformInitiator initiateService
INFO: HHH000490: Using JtaPlatform implementation: [org.hibernate.engine.transaction.jta.platform.internal.NoJtaPlatform]
mar. 03, 2025 9:16:24 PM org.hibernate.engine.jdbc.connections.internal.DriverManagerConnectionProviderImpl$PoolState stop
INFO: HHH10001008: Cleaning up connection pool [jdbc:postgresql://localhost:5432/task_list]
mar. 03, 2025 9:16:24 PM org.hibernate.jpa.boot.spi.ProviderChecker hibernateProviderNamesContain
WARN: HHH015016: Encountered a deprecated javax.persistence.spi.PersistenceProvider [org.hibernate.ejb.HibernatePersistence]; [org.hibernate.jpa.HibernatePersistenceProvider] will be used instead.
mar. 03, 2025 9:16:24 PM org.hibernate.jpa.internal.util.LogHelper logPersistenceUnitInformation
INFO: HHH000204: Processing PersistenceUnitInfo [name: TaskListJPA]
mar. 03, 2025 9:16:24 PM org.hibernate.engine.jdbc.connections.internal.DriverManagerConnectionProviderImpl configure
WARN: HHH10001002: Using Hibernate built-in connection pool (not for production use!)
mar. 03, 2025 9:16:24 PM org.hibernate.engine.jdbc.connections.internal.DriverManagerConnectionProviderImpl buildCreator
INFO: HHH10001005: using driver [org.postgresql.Driver] at URL [jdbc:postgresql://localhost:5432/task_list]
mar. 03, 2025 9:16:24 PM org.hibernate.engine.jdbc.connections.internal.DriverManagerConnectionProviderImpl buildCreator
INFO: HHH10001001: Connection properties: {password=****, user=postgres}
mar. 03, 2025 9:16:24 PM org.hibernate.engine.jdbc.connections.internal.DriverManagerConnectionProviderImpl buildCreator
INFO: HHH10001003: Autocommit mode: false
mar. 03, 2025 9:16:24 PM org.hibernate.engine.jdbc.connections.internal.DriverManagerConnectionProviderImpl$PooledConnections <init>
INFO: HHH000115: Hibernate connection pool size: 20 (min=1)
mar. 03, 2025 9:16:24 PM org.hibernate.dialect.Dialect <init>
INFO: HHH000400: Using dialect: org.hibernate.dialect.PostgreSQLDialect
mar. 03, 2025 9:16:24 PM org.hibernate.resource.transaction.backend.jdbc.internal.DdlTransactionIsolatorNonJtaImpl getIsolatedConnection
INFO: HHH10001501: Connection obtained from JdbcConnectionAccess [org.hibernate.engine.jdbc.env.internal.JdbcEnvironmentInitiator$ConnectionProviderJdbcConnectionAccess@7aea704c] for (non-JTA) DDL execution was not in auto-commit mode; the Connection 'local transaction' will be committed and the Connection will be set into auto-commit mode.
mar. 03, 2025 9:16:24 PM org.hibernate.engine.transaction.jta.platform.internal.JtaPlatformInitiator initiateService
INFO: HHH000490: Using JtaPlatform implementation: [org.hibernate.engine.transaction.jta.platform.internal.NoJtaPlatform]
mar. 03, 2025 9:16:24 PM org.hibernate.engine.jdbc.connections.internal.DriverManagerConnectionProviderImpl$PoolState stop
INFO: HHH10001008: Cleaning up connection pool [jdbc:postgresql://localhost:5432/task_list]
mar. 03, 2025 9:16:24 PM org.hibernate.jpa.boot.spi.ProviderChecker hibernateProviderNamesContain
WARN: HHH015016: Encountered a deprecated javax.persistence.spi.PersistenceProvider [org.hibernate.ejb.HibernatePersistence]; [org.hibernate.jpa.HibernatePersistenceProvider] will be used instead.
mar. 03, 2025 9:16:24 PM org.hibernate.jpa.internal.util.LogHelper logPersistenceUnitInformation
INFO: HHH000204: Processing PersistenceUnitInfo [name: TaskListJPA]
mar. 03, 2025 9:16:24 PM org.hibernate.engine.jdbc.connections.internal.DriverManagerConnectionProviderImpl configure
WARN: HHH10001002: Using Hibernate built-in connection pool (not for production use!)
mar. 03, 2025 9:16:24 PM org.hibernate.engine.jdbc.connections.internal.DriverManagerConnectionProviderImpl buildCreator
INFO: HHH10001005: using driver [org.postgresql.Driver] at URL [jdbc:postgresql://localhost:5432/task_list]
mar. 03, 2025 9:16:24 PM org.hibernate.engine.jdbc.connections.internal.DriverManagerConnectionProviderImpl buildCreator
INFO: HHH10001001: Connection properties: {password=****, user=postgres}
mar. 03, 2025 9:16:24 PM org.hibernate.engine.jdbc.connections.internal.DriverManagerConnectionProviderImpl buildCreator
INFO: HHH10001003: Autocommit mode: false
mar. 03, 2025 9:16:24 PM org.hibernate.engine.jdbc.connections.internal.DriverManagerConnectionProviderImpl$PooledConnections <init>
INFO: HHH000115: Hibernate connection pool size: 20 (min=1)
mar. 03, 2025 9:16:25 PM org.hibernate.dialect.Dialect <init>
INFO: HHH000400: Using dialect: org.hibernate.dialect.PostgreSQLDialect
mar. 03, 2025 9:16:25 PM org.hibernate.resource.transaction.backend.jdbc.internal.DdlTransactionIsolatorNonJtaImpl getIsolatedConnection
INFO: HHH10001501: Connection obtained from JdbcConnectionAccess [org.hibernate.engine.jdbc.env.internal.JdbcEnvironmentInitiator$ConnectionProviderJdbcConnectionAccess@51ba952e] for (non-JTA) DDL execution was not in auto-commit mode; the Connection 'local transaction' will be committed and the Connection will be set into auto-commit mode.
mar. 03, 2025 9:16:25 PM org.hibernate.engine.transaction.jta.platform.internal.JtaPlatformInitiator initiateService
INFO: HHH000490: Using JtaPlatform implementation: [org.hibernate.engine.transaction.jta.platform.internal.NoJtaPlatform]
mar. 03, 2025 9:16:25 PM org.hibernate.engine.jdbc.connections.internal.DriverManagerConnectionProviderImpl$PoolState stop
INFO: HHH10001008: Cleaning up connection pool [jdbc:postgresql://localhost:5432/task_list]
mar. 03, 2025 9:16:25 PM org.hibernate.jpa.boot.spi.ProviderChecker hibernateProviderNamesContain
WARN: HHH015016: Encountered a deprecated javax.persistence.spi.PersistenceProvider [org.hibernate.ejb.HibernatePersistence]; [org.hibernate.jpa.HibernatePersistenceProvider] will be used instead.
mar. 03, 2025 9:16:25 PM org.hibernate.jpa.internal.util.LogHelper logPersistenceUnitInformation
INFO: HHH000204: Processing PersistenceUnitInfo [name: TaskListJPA]
mar. 03, 2025 9:16:25 PM org.hibernate.engine.jdbc.connections.internal.DriverManagerConnectionProviderImpl configure
WARN: HHH10001002: Using Hibernate built-in connection pool (not for production use!)
mar. 03, 2025 9:16:25 PM org.hibernate.engine.jdbc.connections.internal.DriverManagerConnectionProviderImpl buildCreator
INFO: HHH10001005: using driver [org.postgresql.Driver] at URL [jdbc:postgresql://localhost:5432/task_list]
mar. 03, 2025 9:16:25 PM org.hibernate.engine.jdbc.connections.internal.DriverManagerConnectionProviderImpl buildCreator
INFO: HHH10001001: Connection properties: {password=****, user=postgres}
mar. 03, 2025 9:16:25 PM org.hibernate.engine.jdbc.connections.internal.DriverManagerConnectionProviderImpl buildCreator
INFO: HHH10001003: Autocommit mode: false
mar. 03, 2025 9:16:25 PM org.hibernate.engine.jdbc.connections.internal.DriverManagerConnectionProviderImpl$PooledConnections <init>
INFO: HHH000115: Hibernate connection pool size: 20 (min=1)
mar. 03, 2025 9:16:25 PM org.hibernate.dialect.Dialect <init>
INFO: HHH000400: Using dialect: org.hibernate.dialect.PostgreSQLDialect
mar. 03, 2025 9:16:26 PM org.hibernate.resource.transaction.backend.jdbc.internal.DdlTransactionIsolatorNonJtaImpl getIsolatedConnection
INFO: HHH10001501: Connection obtained from JdbcConnectionAccess [org.hibernate.engine.jdbc.env.internal.JdbcEnvironmentInitiator$ConnectionProviderJdbcConnectionAccess@530ee28b] for (non-JTA) DDL execution was not in auto-commit mode; the Connection 'local transaction' will be committed and the Connection will be set into auto-commit mode.
mar. 03, 2025 9:16:26 PM org.hibernate.engine.transaction.jta.platform.internal.JtaPlatformInitiator initiateService
INFO: HHH000490: Using JtaPlatform implementation: [org.hibernate.engine.transaction.jta.platform.internal.NoJtaPlatform]
mar. 03, 2025 9:16:26 PM org.hibernate.engine.jdbc.connections.internal.DriverManagerConnectionProviderImpl$PoolState stop
INFO: HHH10001008: Cleaning up connection pool [jdbc:postgresql://localhost:5432/task_list]
]]></system-err>
  </testcase>
  <testcase name="searchByNameTest" classname="daoTest.TaskTestDao" time="12.262">
    <failure message="expected:&lt;2&gt; but was:&lt;3&gt;" type="java.lang.AssertionError"><![CDATA[java.lang.AssertionError: expected:<2> but was:<3>
	at org.junit.Assert.fail(Assert.java:89)
	at org.junit.Assert.failNotEquals(Assert.java:835)
	at org.junit.Assert.assertEquals(Assert.java:647)
	at org.junit.Assert.assertEquals(Assert.java:633)
	at daoTest.TaskTestDao.searchByNameTest(TaskTestDao.java:203)
	at java.base/jdk.internal.reflect.DirectMethodHandleAccessor.invoke(DirectMethodHandleAccessor.java:103)
	at java.base/java.lang.reflect.Method.invoke(Method.java:580)
	at org.junit.runners.model.FrameworkMethod$1.runReflectiveCall(FrameworkMethod.java:59)
	at org.junit.internal.runners.model.ReflectiveCallable.run(ReflectiveCallable.java:12)
	at org.junit.runners.model.FrameworkMethod.invokeExplosively(FrameworkMethod.java:56)
	at org.junit.internal.runners.statements.InvokeMethod.evaluate(InvokeMethod.java:17)
	at org.junit.internal.runners.statements.RunAfters.evaluate(RunAfters.java:27)
	at org.junit.runners.ParentRunner$3.evaluate(ParentRunner.java:306)
	at org.junit.runners.BlockJUnit4ClassRunner$1.evaluate(BlockJUnit4ClassRunner.java:100)
	at org.junit.runners.ParentRunner.runLeaf(ParentRunner.java:366)
	at org.junit.runners.BlockJUnit4ClassRunner.runChild(BlockJUnit4ClassRunner.java:103)
	at org.junit.runners.BlockJUnit4ClassRunner.runChild(BlockJUnit4ClassRunner.java:63)
	at org.junit.runners.ParentRunner$4.run(ParentRunner.java:331)
	at org.junit.runners.ParentRunner$1.schedule(ParentRunner.java:79)
	at org.junit.runners.ParentRunner.runChildren(ParentRunner.java:329)
	at org.junit.runners.ParentRunner.access$100(ParentRunner.java:66)
	at org.junit.runners.ParentRunner$2.evaluate(ParentRunner.java:293)
	at org.junit.runners.ParentRunner$3.evaluate(ParentRunner.java:306)
	at org.junit.runners.ParentRunner.run(ParentRunner.java:413)
	at org.apache.maven.surefire.junit4.JUnit4Provider.execute(JUnit4Provider.java:316)
	at org.apache.maven.surefire.junit4.JUnit4Provider.executeWithRerun(JUnit4Provider.java:240)
	at org.apache.maven.surefire.junit4.JUnit4Provider.executeTestSet(JUnit4Provider.java:214)
	at org.apache.maven.surefire.junit4.JUnit4Provider.invoke(JUnit4Provider.java:155)
	at org.apache.maven.surefire.booter.ForkedBooter.runSuitesInProcess(ForkedBooter.java:385)
	at org.apache.maven.surefire.booter.ForkedBooter.execute(ForkedBooter.java:162)
	at org.apache.maven.surefire.booter.ForkedBooter.run(ForkedBooter.java:507)
	at org.apache.maven.surefire.booter.ForkedBooter.main(ForkedBooter.java:495)
]]></failure>
    <system-out><![CDATA[Hibernate: 
    select
        nextval ('sq_taskList')
Hibernate: 
    insert 
    into
        tb_tasklist
        (date, id) 
    values
        (?, ?)
Hibernate: 
    select
        nextval ('sq_task')
Hibernate: 
    insert 
    into
        tb_task
        (date, mark, name, note, list_id, type, id) 
    values
        (?, ?, ?, ?, ?, 'Task', ?)
Hibernate: 
    select
        nextval ('sq_task')
Hibernate: 
    insert 
    into
        tb_task
        (date, mark, name, note, list_id, type, id) 
    values
        (?, ?, ?, ?, ?, 'Task', ?)
Hibernate: 
    select
        nextval ('sq_task')
Hibernate: 
    insert 
    into
        tb_task
        (date, mark, name, note, list_id, type, id) 
    values
        (?, ?, ?, ?, ?, 'Task', ?)
Hibernate: 
    select
        task0_.id as id2_0_,
        task0_.date as date3_0_,
        task0_.mark as mark4_0_,
        task0_.name as name5_0_,
        task0_.note as note6_0_,
        task0_.list_id as list_id8_0_,
        task0_.hour as hour7_0_,
        task0_.type as type1_0_ 
    from
        tb_task task0_ 
    where
        task0_.name=?
Hibernate: 
    select
        tasklist0_.id as id1_1_0_,
        tasklist0_.date as date2_1_0_ 
    from
        tb_tasklist tasklist0_ 
    where
        tasklist0_.id=?
Hibernate: 
    select
        tasklist0_.id as id1_1_0_,
        tasklist0_.date as date2_1_0_ 
    from
        tb_tasklist tasklist0_ 
    where
        tasklist0_.id=?
Hibernate: 
    select
        task0_.id as id2_0_,
        task0_.date as date3_0_,
        task0_.mark as mark4_0_,
        task0_.name as name5_0_,
        task0_.note as note6_0_,
        task0_.list_id as list_id8_0_,
        task0_.hour as hour7_0_,
        task0_.type as type1_0_ 
    from
        tb_task task0_
Hibernate: 
    select
        tasklist0_.id as id1_1_0_,
        tasklist0_.date as date2_1_0_ 
    from
        tb_tasklist tasklist0_ 
    where
        tasklist0_.id=?
Hibernate: 
    select
        tasklist0_.id as id1_1_0_,
        tasklist0_.date as date2_1_0_ 
    from
        tb_tasklist tasklist0_ 
    where
        tasklist0_.id=?
Hibernate: 
    select
        task0_.id as id2_0_0_,
        task0_.date as date3_0_0_,
        task0_.mark as mark4_0_0_,
        task0_.name as name5_0_0_,
        task0_.note as note6_0_0_,
        task0_.list_id as list_id8_0_0_,
        task0_.hour as hour7_0_0_,
        task0_.type as type1_0_0_ 
    from
        tb_task task0_ 
    where
        task0_.id=?
Hibernate: 
    select
        tasklist0_.id as id1_1_0_,
        tasklist0_.date as date2_1_0_ 
    from
        tb_tasklist tasklist0_ 
    where
        tasklist0_.id=?
Hibernate: 
    select
        nextval ('sq_task')
Hibernate: 
    insert 
    into
        tb_task
        (date, mark, name, note, list_id, type, id) 
    values
        (?, ?, ?, ?, ?, 'Task', ?)
Hibernate: 
    delete 
    from
        tb_task 
    where
        id=?
Hibernate: 
    select
        task0_.id as id2_0_0_,
        task0_.date as date3_0_0_,
        task0_.mark as mark4_0_0_,
        task0_.name as name5_0_0_,
        task0_.note as note6_0_0_,
        task0_.list_id as list_id8_0_0_,
        task0_.hour as hour7_0_0_,
        task0_.type as type1_0_0_ 
    from
        tb_task task0_ 
    where
        task0_.id=?
Hibernate: 
    select
        tasklist0_.id as id1_1_0_,
        tasklist0_.date as date2_1_0_ 
    from
        tb_tasklist tasklist0_ 
    where
        tasklist0_.id=?
Hibernate: 
    select
        nextval ('sq_task')
Hibernate: 
    insert 
    into
        tb_task
        (date, mark, name, note, list_id, type, id) 
    values
        (?, ?, ?, ?, ?, 'Task', ?)
Hibernate: 
    delete 
    from
        tb_task 
    where
        id=?
Hibernate: 
    select
        task0_.id as id2_0_0_,
        task0_.date as date3_0_0_,
        task0_.mark as mark4_0_0_,
        task0_.name as name5_0_0_,
        task0_.note as note6_0_0_,
        task0_.list_id as list_id8_0_0_,
        task0_.hour as hour7_0_0_,
        task0_.type as type1_0_0_ 
    from
        tb_task task0_ 
    where
        task0_.id=?
Hibernate: 
    select
        tasklist0_.id as id1_1_0_,
        tasklist0_.date as date2_1_0_ 
    from
        tb_tasklist tasklist0_ 
    where
        tasklist0_.id=?
Hibernate: 
    select
        nextval ('sq_task')
Hibernate: 
    insert 
    into
        tb_task
        (date, mark, name, note, list_id, type, id) 
    values
        (?, ?, ?, ?, ?, 'Task', ?)
Hibernate: 
    delete 
    from
        tb_task 
    where
        id=?
Hibernate: 
    select
        task0_.id as id2_0_0_,
        task0_.date as date3_0_0_,
        task0_.mark as mark4_0_0_,
        task0_.name as name5_0_0_,
        task0_.note as note6_0_0_,
        task0_.list_id as list_id8_0_0_,
        task0_.hour as hour7_0_0_,
        task0_.type as type1_0_0_ 
    from
        tb_task task0_ 
    where
        task0_.id=?
Hibernate: 
    select
        tasklist0_.id as id1_1_0_,
        tasklist0_.date as date2_1_0_ 
    from
        tb_tasklist tasklist0_ 
    where
        tasklist0_.id=?
Hibernate: 
    select
        nextval ('sq_task')
Hibernate: 
    insert 
    into
        tb_task
        (date, mark, name, note, list_id, type, id) 
    values
        (?, ?, ?, ?, ?, 'Task', ?)
Hibernate: 
    delete 
    from
        tb_task 
    where
        id=?
Hibernate: 
    select
        tasklist0_.id as id1_1_,
        tasklist0_.date as date2_1_ 
    from
        tb_tasklist tasklist0_
Hibernate: 
    select
        tasklist0_.id as id1_1_0_,
        tasklist0_.date as date2_1_0_ 
    from
        tb_tasklist tasklist0_ 
    where
        tasklist0_.id=?
Hibernate: 
    select
        tasks0_.list_id as list_id8_0_0_,
        tasks0_.id as id2_0_0_,
        tasks0_.id as id2_0_1_,
        tasks0_.date as date3_0_1_,
        tasks0_.mark as mark4_0_1_,
        tasks0_.name as name5_0_1_,
        tasks0_.note as note6_0_1_,
        tasks0_.list_id as list_id8_0_1_,
        tasks0_.hour as hour7_0_1_,
        tasks0_.type as type1_0_1_ 
    from
        tb_task tasks0_ 
    where
        tasks0_.list_id=?
Hibernate: 
    delete 
    from
        tb_tasklist 
    where
        id=?
Hibernate: 
    select
        tasklist0_.id as id1_1_0_,
        tasklist0_.date as date2_1_0_ 
    from
        tb_tasklist tasklist0_ 
    where
        tasklist0_.id=?
Hibernate: 
    select
        tasks0_.list_id as list_id8_0_0_,
        tasks0_.id as id2_0_0_,
        tasks0_.id as id2_0_1_,
        tasks0_.date as date3_0_1_,
        tasks0_.mark as mark4_0_1_,
        tasks0_.name as name5_0_1_,
        tasks0_.note as note6_0_1_,
        tasks0_.list_id as list_id8_0_1_,
        tasks0_.hour as hour7_0_1_,
        tasks0_.type as type1_0_1_ 
    from
        tb_task tasks0_ 
    where
        tasks0_.list_id=?
Hibernate: 
    delete 
    from
        tb_tasklist 
    where
        id=?
]]></system-out>
    <system-err><![CDATA[mar. 03, 2025 9:16:26 PM org.hibernate.jpa.boot.spi.ProviderChecker hibernateProviderNamesContain
WARN: HHH015016: Encountered a deprecated javax.persistence.spi.PersistenceProvider [org.hibernate.ejb.HibernatePersistence]; [org.hibernate.jpa.HibernatePersistenceProvider] will be used instead.
mar. 03, 2025 9:16:26 PM org.hibernate.jpa.internal.util.LogHelper logPersistenceUnitInformation
INFO: HHH000204: Processing PersistenceUnitInfo [name: TaskListJPA]
mar. 03, 2025 9:16:26 PM org.hibernate.engine.jdbc.connections.internal.DriverManagerConnectionProviderImpl configure
WARN: HHH10001002: Using Hibernate built-in connection pool (not for production use!)
mar. 03, 2025 9:16:26 PM org.hibernate.engine.jdbc.connections.internal.DriverManagerConnectionProviderImpl buildCreator
INFO: HHH10001005: using driver [org.postgresql.Driver] at URL [jdbc:postgresql://localhost:5432/task_list]
mar. 03, 2025 9:16:26 PM org.hibernate.engine.jdbc.connections.internal.DriverManagerConnectionProviderImpl buildCreator
INFO: HHH10001001: Connection properties: {password=****, user=postgres}
mar. 03, 2025 9:16:26 PM org.hibernate.engine.jdbc.connections.internal.DriverManagerConnectionProviderImpl buildCreator
INFO: HHH10001003: Autocommit mode: false
mar. 03, 2025 9:16:26 PM org.hibernate.engine.jdbc.connections.internal.DriverManagerConnectionProviderImpl$PooledConnections <init>
INFO: HHH000115: Hibernate connection pool size: 20 (min=1)
mar. 03, 2025 9:16:26 PM org.hibernate.dialect.Dialect <init>
INFO: HHH000400: Using dialect: org.hibernate.dialect.PostgreSQLDialect
mar. 03, 2025 9:16:26 PM org.hibernate.resource.transaction.backend.jdbc.internal.DdlTransactionIsolatorNonJtaImpl getIsolatedConnection
INFO: HHH10001501: Connection obtained from JdbcConnectionAccess [org.hibernate.engine.jdbc.env.internal.JdbcEnvironmentInitiator$ConnectionProviderJdbcConnectionAccess@c9b5a99] for (non-JTA) DDL execution was not in auto-commit mode; the Connection 'local transaction' will be committed and the Connection will be set into auto-commit mode.
mar. 03, 2025 9:16:26 PM org.hibernate.engine.transaction.jta.platform.internal.JtaPlatformInitiator initiateService
INFO: HHH000490: Using JtaPlatform implementation: [org.hibernate.engine.transaction.jta.platform.internal.NoJtaPlatform]
mar. 03, 2025 9:16:26 PM org.hibernate.engine.jdbc.connections.internal.DriverManagerConnectionProviderImpl$PoolState stop
INFO: HHH10001008: Cleaning up connection pool [jdbc:postgresql://localhost:5432/task_list]
mar. 03, 2025 9:16:27 PM org.hibernate.jpa.boot.spi.ProviderChecker hibernateProviderNamesContain
WARN: HHH015016: Encountered a deprecated javax.persistence.spi.PersistenceProvider [org.hibernate.ejb.HibernatePersistence]; [org.hibernate.jpa.HibernatePersistenceProvider] will be used instead.
mar. 03, 2025 9:16:27 PM org.hibernate.jpa.internal.util.LogHelper logPersistenceUnitInformation
INFO: HHH000204: Processing PersistenceUnitInfo [name: TaskListJPA]
mar. 03, 2025 9:16:27 PM org.hibernate.engine.jdbc.connections.internal.DriverManagerConnectionProviderImpl configure
WARN: HHH10001002: Using Hibernate built-in connection pool (not for production use!)
mar. 03, 2025 9:16:27 PM org.hibernate.engine.jdbc.connections.internal.DriverManagerConnectionProviderImpl buildCreator
INFO: HHH10001005: using driver [org.postgresql.Driver] at URL [jdbc:postgresql://localhost:5432/task_list]
mar. 03, 2025 9:16:27 PM org.hibernate.engine.jdbc.connections.internal.DriverManagerConnectionProviderImpl buildCreator
INFO: HHH10001001: Connection properties: {password=****, user=postgres}
mar. 03, 2025 9:16:27 PM org.hibernate.engine.jdbc.connections.internal.DriverManagerConnectionProviderImpl buildCreator
INFO: HHH10001003: Autocommit mode: false
mar. 03, 2025 9:16:27 PM org.hibernate.engine.jdbc.connections.internal.DriverManagerConnectionProviderImpl$PooledConnections <init>
INFO: HHH000115: Hibernate connection pool size: 20 (min=1)
mar. 03, 2025 9:16:27 PM org.hibernate.dialect.Dialect <init>
INFO: HHH000400: Using dialect: org.hibernate.dialect.PostgreSQLDialect
mar. 03, 2025 9:16:27 PM org.hibernate.resource.transaction.backend.jdbc.internal.DdlTransactionIsolatorNonJtaImpl getIsolatedConnection
INFO: HHH10001501: Connection obtained from JdbcConnectionAccess [org.hibernate.engine.jdbc.env.internal.JdbcEnvironmentInitiator$ConnectionProviderJdbcConnectionAccess@66756662] for (non-JTA) DDL execution was not in auto-commit mode; the Connection 'local transaction' will be committed and the Connection will be set into auto-commit mode.
mar. 03, 2025 9:16:27 PM org.hibernate.engine.transaction.jta.platform.internal.JtaPlatformInitiator initiateService
INFO: HHH000490: Using JtaPlatform implementation: [org.hibernate.engine.transaction.jta.platform.internal.NoJtaPlatform]
mar. 03, 2025 9:16:27 PM org.hibernate.engine.jdbc.connections.internal.DriverManagerConnectionProviderImpl$PoolState stop
INFO: HHH10001008: Cleaning up connection pool [jdbc:postgresql://localhost:5432/task_list]
mar. 03, 2025 9:16:27 PM org.hibernate.jpa.boot.spi.ProviderChecker hibernateProviderNamesContain
WARN: HHH015016: Encountered a deprecated javax.persistence.spi.PersistenceProvider [org.hibernate.ejb.HibernatePersistence]; [org.hibernate.jpa.HibernatePersistenceProvider] will be used instead.
mar. 03, 2025 9:16:27 PM org.hibernate.jpa.internal.util.LogHelper logPersistenceUnitInformation
INFO: HHH000204: Processing PersistenceUnitInfo [name: TaskListJPA]
mar. 03, 2025 9:16:27 PM org.hibernate.engine.jdbc.connections.internal.DriverManagerConnectionProviderImpl configure
WARN: HHH10001002: Using Hibernate built-in connection pool (not for production use!)
mar. 03, 2025 9:16:27 PM org.hibernate.engine.jdbc.connections.internal.DriverManagerConnectionProviderImpl buildCreator
INFO: HHH10001005: using driver [org.postgresql.Driver] at URL [jdbc:postgresql://localhost:5432/task_list]
mar. 03, 2025 9:16:27 PM org.hibernate.engine.jdbc.connections.internal.DriverManagerConnectionProviderImpl buildCreator
INFO: HHH10001001: Connection properties: {password=****, user=postgres}
mar. 03, 2025 9:16:27 PM org.hibernate.engine.jdbc.connections.internal.DriverManagerConnectionProviderImpl buildCreator
INFO: HHH10001003: Autocommit mode: false
mar. 03, 2025 9:16:27 PM org.hibernate.engine.jdbc.connections.internal.DriverManagerConnectionProviderImpl$PooledConnections <init>
INFO: HHH000115: Hibernate connection pool size: 20 (min=1)
mar. 03, 2025 9:16:27 PM org.hibernate.dialect.Dialect <init>
INFO: HHH000400: Using dialect: org.hibernate.dialect.PostgreSQLDialect
mar. 03, 2025 9:16:28 PM org.hibernate.resource.transaction.backend.jdbc.internal.DdlTransactionIsolatorNonJtaImpl getIsolatedConnection
INFO: HHH10001501: Connection obtained from JdbcConnectionAccess [org.hibernate.engine.jdbc.env.internal.JdbcEnvironmentInitiator$ConnectionProviderJdbcConnectionAccess@6c07add6] for (non-JTA) DDL execution was not in auto-commit mode; the Connection 'local transaction' will be committed and the Connection will be set into auto-commit mode.
mar. 03, 2025 9:16:28 PM org.hibernate.engine.transaction.jta.platform.internal.JtaPlatformInitiator initiateService
INFO: HHH000490: Using JtaPlatform implementation: [org.hibernate.engine.transaction.jta.platform.internal.NoJtaPlatform]
mar. 03, 2025 9:16:28 PM org.hibernate.engine.jdbc.connections.internal.DriverManagerConnectionProviderImpl$PoolState stop
INFO: HHH10001008: Cleaning up connection pool [jdbc:postgresql://localhost:5432/task_list]
mar. 03, 2025 9:16:28 PM org.hibernate.jpa.boot.spi.ProviderChecker hibernateProviderNamesContain
WARN: HHH015016: Encountered a deprecated javax.persistence.spi.PersistenceProvider [org.hibernate.ejb.HibernatePersistence]; [org.hibernate.jpa.HibernatePersistenceProvider] will be used instead.
mar. 03, 2025 9:16:28 PM org.hibernate.jpa.internal.util.LogHelper logPersistenceUnitInformation
INFO: HHH000204: Processing PersistenceUnitInfo [name: TaskListJPA]
mar. 03, 2025 9:16:28 PM org.hibernate.engine.jdbc.connections.internal.DriverManagerConnectionProviderImpl configure
WARN: HHH10001002: Using Hibernate built-in connection pool (not for production use!)
mar. 03, 2025 9:16:28 PM org.hibernate.engine.jdbc.connections.internal.DriverManagerConnectionProviderImpl buildCreator
INFO: HHH10001005: using driver [org.postgresql.Driver] at URL [jdbc:postgresql://localhost:5432/task_list]
mar. 03, 2025 9:16:28 PM org.hibernate.engine.jdbc.connections.internal.DriverManagerConnectionProviderImpl buildCreator
INFO: HHH10001001: Connection properties: {password=****, user=postgres}
mar. 03, 2025 9:16:28 PM org.hibernate.engine.jdbc.connections.internal.DriverManagerConnectionProviderImpl buildCreator
INFO: HHH10001003: Autocommit mode: false
mar. 03, 2025 9:16:28 PM org.hibernate.engine.jdbc.connections.internal.DriverManagerConnectionProviderImpl$PooledConnections <init>
INFO: HHH000115: Hibernate connection pool size: 20 (min=1)
mar. 03, 2025 9:16:28 PM org.hibernate.dialect.Dialect <init>
INFO: HHH000400: Using dialect: org.hibernate.dialect.PostgreSQLDialect
mar. 03, 2025 9:16:28 PM org.hibernate.resource.transaction.backend.jdbc.internal.DdlTransactionIsolatorNonJtaImpl getIsolatedConnection
INFO: HHH10001501: Connection obtained from JdbcConnectionAccess [org.hibernate.engine.jdbc.env.internal.JdbcEnvironmentInitiator$ConnectionProviderJdbcConnectionAccess@216f01] for (non-JTA) DDL execution was not in auto-commit mode; the Connection 'local transaction' will be committed and the Connection will be set into auto-commit mode.
mar. 03, 2025 9:16:28 PM org.hibernate.engine.transaction.jta.platform.internal.JtaPlatformInitiator initiateService
INFO: HHH000490: Using JtaPlatform implementation: [org.hibernate.engine.transaction.jta.platform.internal.NoJtaPlatform]
mar. 03, 2025 9:16:28 PM org.hibernate.engine.jdbc.connections.internal.DriverManagerConnectionProviderImpl$PoolState stop
INFO: HHH10001008: Cleaning up connection pool [jdbc:postgresql://localhost:5432/task_list]
mar. 03, 2025 9:16:28 PM org.hibernate.jpa.boot.spi.ProviderChecker hibernateProviderNamesContain
WARN: HHH015016: Encountered a deprecated javax.persistence.spi.PersistenceProvider [org.hibernate.ejb.HibernatePersistence]; [org.hibernate.jpa.HibernatePersistenceProvider] will be used instead.
mar. 03, 2025 9:16:28 PM org.hibernate.jpa.internal.util.LogHelper logPersistenceUnitInformation
INFO: HHH000204: Processing PersistenceUnitInfo [name: TaskListJPA]
mar. 03, 2025 9:16:28 PM org.hibernate.engine.jdbc.connections.internal.DriverManagerConnectionProviderImpl configure
WARN: HHH10001002: Using Hibernate built-in connection pool (not for production use!)
mar. 03, 2025 9:16:28 PM org.hibernate.engine.jdbc.connections.internal.DriverManagerConnectionProviderImpl buildCreator
INFO: HHH10001005: using driver [org.postgresql.Driver] at URL [jdbc:postgresql://localhost:5432/task_list]
mar. 03, 2025 9:16:28 PM org.hibernate.engine.jdbc.connections.internal.DriverManagerConnectionProviderImpl buildCreator
INFO: HHH10001001: Connection properties: {password=****, user=postgres}
mar. 03, 2025 9:16:28 PM org.hibernate.engine.jdbc.connections.internal.DriverManagerConnectionProviderImpl buildCreator
INFO: HHH10001003: Autocommit mode: false
mar. 03, 2025 9:16:28 PM org.hibernate.engine.jdbc.connections.internal.DriverManagerConnectionProviderImpl$PooledConnections <init>
INFO: HHH000115: Hibernate connection pool size: 20 (min=1)
mar. 03, 2025 9:16:29 PM org.hibernate.dialect.Dialect <init>
INFO: HHH000400: Using dialect: org.hibernate.dialect.PostgreSQLDialect
mar. 03, 2025 9:16:29 PM org.hibernate.resource.transaction.backend.jdbc.internal.DdlTransactionIsolatorNonJtaImpl getIsolatedConnection
INFO: HHH10001501: Connection obtained from JdbcConnectionAccess [org.hibernate.engine.jdbc.env.internal.JdbcEnvironmentInitiator$ConnectionProviderJdbcConnectionAccess@650a1aff] for (non-JTA) DDL execution was not in auto-commit mode; the Connection 'local transaction' will be committed and the Connection will be set into auto-commit mode.
mar. 03, 2025 9:16:29 PM org.hibernate.engine.transaction.jta.platform.internal.JtaPlatformInitiator initiateService
INFO: HHH000490: Using JtaPlatform implementation: [org.hibernate.engine.transaction.jta.platform.internal.NoJtaPlatform]
mar. 03, 2025 9:16:29 PM org.hibernate.engine.jdbc.connections.internal.DriverManagerConnectionProviderImpl$PoolState stop
INFO: HHH10001008: Cleaning up connection pool [jdbc:postgresql://localhost:5432/task_list]
mar. 03, 2025 9:16:29 PM org.hibernate.jpa.boot.spi.ProviderChecker hibernateProviderNamesContain
WARN: HHH015016: Encountered a deprecated javax.persistence.spi.PersistenceProvider [org.hibernate.ejb.HibernatePersistence]; [org.hibernate.jpa.HibernatePersistenceProvider] will be used instead.
mar. 03, 2025 9:16:29 PM org.hibernate.jpa.internal.util.LogHelper logPersistenceUnitInformation
INFO: HHH000204: Processing PersistenceUnitInfo [name: TaskListJPA]
mar. 03, 2025 9:16:29 PM org.hibernate.engine.jdbc.connections.internal.DriverManagerConnectionProviderImpl configure
WARN: HHH10001002: Using Hibernate built-in connection pool (not for production use!)
mar. 03, 2025 9:16:29 PM org.hibernate.engine.jdbc.connections.internal.DriverManagerConnectionProviderImpl buildCreator
INFO: HHH10001005: using driver [org.postgresql.Driver] at URL [jdbc:postgresql://localhost:5432/task_list]
mar. 03, 2025 9:16:29 PM org.hibernate.engine.jdbc.connections.internal.DriverManagerConnectionProviderImpl buildCreator
INFO: HHH10001001: Connection properties: {password=****, user=postgres}
mar. 03, 2025 9:16:29 PM org.hibernate.engine.jdbc.connections.internal.DriverManagerConnectionProviderImpl buildCreator
INFO: HHH10001003: Autocommit mode: false
mar. 03, 2025 9:16:29 PM org.hibernate.engine.jdbc.connections.internal.DriverManagerConnectionProviderImpl$PooledConnections <init>
INFO: HHH000115: Hibernate connection pool size: 20 (min=1)
mar. 03, 2025 9:16:29 PM org.hibernate.dialect.Dialect <init>
INFO: HHH000400: Using dialect: org.hibernate.dialect.PostgreSQLDialect
mar. 03, 2025 9:16:29 PM org.hibernate.resource.transaction.backend.jdbc.internal.DdlTransactionIsolatorNonJtaImpl getIsolatedConnection
INFO: HHH10001501: Connection obtained from JdbcConnectionAccess [org.hibernate.engine.jdbc.env.internal.JdbcEnvironmentInitiator$ConnectionProviderJdbcConnectionAccess@56ec6960] for (non-JTA) DDL execution was not in auto-commit mode; the Connection 'local transaction' will be committed and the Connection will be set into auto-commit mode.
mar. 03, 2025 9:16:30 PM org.hibernate.engine.transaction.jta.platform.internal.JtaPlatformInitiator initiateService
INFO: HHH000490: Using JtaPlatform implementation: [org.hibernate.engine.transaction.jta.platform.internal.NoJtaPlatform]
mar. 03, 2025 9:16:30 PM org.hibernate.engine.jdbc.connections.internal.DriverManagerConnectionProviderImpl$PoolState stop
INFO: HHH10001008: Cleaning up connection pool [jdbc:postgresql://localhost:5432/task_list]
mar. 03, 2025 9:16:30 PM org.hibernate.jpa.boot.spi.ProviderChecker hibernateProviderNamesContain
WARN: HHH015016: Encountered a deprecated javax.persistence.spi.PersistenceProvider [org.hibernate.ejb.HibernatePersistence]; [org.hibernate.jpa.HibernatePersistenceProvider] will be used instead.
mar. 03, 2025 9:16:30 PM org.hibernate.jpa.internal.util.LogHelper logPersistenceUnitInformation
INFO: HHH000204: Processing PersistenceUnitInfo [name: TaskListJPA]
mar. 03, 2025 9:16:30 PM org.hibernate.engine.jdbc.connections.internal.DriverManagerConnectionProviderImpl configure
WARN: HHH10001002: Using Hibernate built-in connection pool (not for production use!)
mar. 03, 2025 9:16:30 PM org.hibernate.engine.jdbc.connections.internal.DriverManagerConnectionProviderImpl buildCreator
INFO: HHH10001005: using driver [org.postgresql.Driver] at URL [jdbc:postgresql://localhost:5432/task_list]
mar. 03, 2025 9:16:30 PM org.hibernate.engine.jdbc.connections.internal.DriverManagerConnectionProviderImpl buildCreator
INFO: HHH10001001: Connection properties: {password=****, user=postgres}
mar. 03, 2025 9:16:30 PM org.hibernate.engine.jdbc.connections.internal.DriverManagerConnectionProviderImpl buildCreator
INFO: HHH10001003: Autocommit mode: false
mar. 03, 2025 9:16:30 PM org.hibernate.engine.jdbc.connections.internal.DriverManagerConnectionProviderImpl$PooledConnections <init>
INFO: HHH000115: Hibernate connection pool size: 20 (min=1)
mar. 03, 2025 9:16:30 PM org.hibernate.dialect.Dialect <init>
INFO: HHH000400: Using dialect: org.hibernate.dialect.PostgreSQLDialect
mar. 03, 2025 9:16:30 PM org.hibernate.resource.transaction.backend.jdbc.internal.DdlTransactionIsolatorNonJtaImpl getIsolatedConnection
INFO: HHH10001501: Connection obtained from JdbcConnectionAccess [org.hibernate.engine.jdbc.env.internal.JdbcEnvironmentInitiator$ConnectionProviderJdbcConnectionAccess@7c3c453b] for (non-JTA) DDL execution was not in auto-commit mode; the Connection 'local transaction' will be committed and the Connection will be set into auto-commit mode.
mar. 03, 2025 9:16:30 PM org.hibernate.engine.transaction.jta.platform.internal.JtaPlatformInitiator initiateService
INFO: HHH000490: Using JtaPlatform implementation: [org.hibernate.engine.transaction.jta.platform.internal.NoJtaPlatform]
mar. 03, 2025 9:16:30 PM org.hibernate.engine.jdbc.connections.internal.DriverManagerConnectionProviderImpl$PoolState stop
INFO: HHH10001008: Cleaning up connection pool [jdbc:postgresql://localhost:5432/task_list]
mar. 03, 2025 9:16:30 PM org.hibernate.jpa.boot.spi.ProviderChecker hibernateProviderNamesContain
WARN: HHH015016: Encountered a deprecated javax.persistence.spi.PersistenceProvider [org.hibernate.ejb.HibernatePersistence]; [org.hibernate.jpa.HibernatePersistenceProvider] will be used instead.
mar. 03, 2025 9:16:30 PM org.hibernate.jpa.internal.util.LogHelper logPersistenceUnitInformation
INFO: HHH000204: Processing PersistenceUnitInfo [name: TaskListJPA]
mar. 03, 2025 9:16:30 PM org.hibernate.engine.jdbc.connections.internal.DriverManagerConnectionProviderImpl configure
WARN: HHH10001002: Using Hibernate built-in connection pool (not for production use!)
mar. 03, 2025 9:16:30 PM org.hibernate.engine.jdbc.connections.internal.DriverManagerConnectionProviderImpl buildCreator
INFO: HHH10001005: using driver [org.postgresql.Driver] at URL [jdbc:postgresql://localhost:5432/task_list]
mar. 03, 2025 9:16:30 PM org.hibernate.engine.jdbc.connections.internal.DriverManagerConnectionProviderImpl buildCreator
INFO: HHH10001001: Connection properties: {password=****, user=postgres}
mar. 03, 2025 9:16:30 PM org.hibernate.engine.jdbc.connections.internal.DriverManagerConnectionProviderImpl buildCreator
INFO: HHH10001003: Autocommit mode: false
mar. 03, 2025 9:16:30 PM org.hibernate.engine.jdbc.connections.internal.DriverManagerConnectionProviderImpl$PooledConnections <init>
INFO: HHH000115: Hibernate connection pool size: 20 (min=1)
mar. 03, 2025 9:16:31 PM org.hibernate.dialect.Dialect <init>
INFO: HHH000400: Using dialect: org.hibernate.dialect.PostgreSQLDialect
mar. 03, 2025 9:16:31 PM org.hibernate.resource.transaction.backend.jdbc.internal.DdlTransactionIsolatorNonJtaImpl getIsolatedConnection
INFO: HHH10001501: Connection obtained from JdbcConnectionAccess [org.hibernate.engine.jdbc.env.internal.JdbcEnvironmentInitiator$ConnectionProviderJdbcConnectionAccess@78545d40] for (non-JTA) DDL execution was not in auto-commit mode; the Connection 'local transaction' will be committed and the Connection will be set into auto-commit mode.
mar. 03, 2025 9:16:31 PM org.hibernate.engine.transaction.jta.platform.internal.JtaPlatformInitiator initiateService
INFO: HHH000490: Using JtaPlatform implementation: [org.hibernate.engine.transaction.jta.platform.internal.NoJtaPlatform]
mar. 03, 2025 9:16:31 PM org.hibernate.engine.jdbc.connections.internal.DriverManagerConnectionProviderImpl$PoolState stop
INFO: HHH10001008: Cleaning up connection pool [jdbc:postgresql://localhost:5432/task_list]
mar. 03, 2025 9:16:31 PM org.hibernate.jpa.boot.spi.ProviderChecker hibernateProviderNamesContain
WARN: HHH015016: Encountered a deprecated javax.persistence.spi.PersistenceProvider [org.hibernate.ejb.HibernatePersistence]; [org.hibernate.jpa.HibernatePersistenceProvider] will be used instead.
mar. 03, 2025 9:16:31 PM org.hibernate.jpa.internal.util.LogHelper logPersistenceUnitInformation
INFO: HHH000204: Processing PersistenceUnitInfo [name: TaskListJPA]
mar. 03, 2025 9:16:31 PM org.hibernate.engine.jdbc.connections.internal.DriverManagerConnectionProviderImpl configure
WARN: HHH10001002: Using Hibernate built-in connection pool (not for production use!)
mar. 03, 2025 9:16:31 PM org.hibernate.engine.jdbc.connections.internal.DriverManagerConnectionProviderImpl buildCreator
INFO: HHH10001005: using driver [org.postgresql.Driver] at URL [jdbc:postgresql://localhost:5432/task_list]
mar. 03, 2025 9:16:31 PM org.hibernate.engine.jdbc.connections.internal.DriverManagerConnectionProviderImpl buildCreator
INFO: HHH10001001: Connection properties: {password=****, user=postgres}
mar. 03, 2025 9:16:31 PM org.hibernate.engine.jdbc.connections.internal.DriverManagerConnectionProviderImpl buildCreator
INFO: HHH10001003: Autocommit mode: false
mar. 03, 2025 9:16:31 PM org.hibernate.engine.jdbc.connections.internal.DriverManagerConnectionProviderImpl$PooledConnections <init>
INFO: HHH000115: Hibernate connection pool size: 20 (min=1)
mar. 03, 2025 9:16:31 PM org.hibernate.dialect.Dialect <init>
INFO: HHH000400: Using dialect: org.hibernate.dialect.PostgreSQLDialect
mar. 03, 2025 9:16:32 PM org.hibernate.resource.transaction.backend.jdbc.internal.DdlTransactionIsolatorNonJtaImpl getIsolatedConnection
INFO: HHH10001501: Connection obtained from JdbcConnectionAccess [org.hibernate.engine.jdbc.env.internal.JdbcEnvironmentInitiator$ConnectionProviderJdbcConnectionAccess@4005e485] for (non-JTA) DDL execution was not in auto-commit mode; the Connection 'local transaction' will be committed and the Connection will be set into auto-commit mode.
mar. 03, 2025 9:16:32 PM org.hibernate.engine.transaction.jta.platform.internal.JtaPlatformInitiator initiateService
INFO: HHH000490: Using JtaPlatform implementation: [org.hibernate.engine.transaction.jta.platform.internal.NoJtaPlatform]
mar. 03, 2025 9:16:32 PM org.hibernate.engine.jdbc.connections.internal.DriverManagerConnectionProviderImpl$PoolState stop
INFO: HHH10001008: Cleaning up connection pool [jdbc:postgresql://localhost:5432/task_list]
mar. 03, 2025 9:16:32 PM org.hibernate.jpa.boot.spi.ProviderChecker hibernateProviderNamesContain
WARN: HHH015016: Encountered a deprecated javax.persistence.spi.PersistenceProvider [org.hibernate.ejb.HibernatePersistence]; [org.hibernate.jpa.HibernatePersistenceProvider] will be used instead.
mar. 03, 2025 9:16:32 PM org.hibernate.jpa.internal.util.LogHelper logPersistenceUnitInformation
INFO: HHH000204: Processing PersistenceUnitInfo [name: TaskListJPA]
mar. 03, 2025 9:16:32 PM org.hibernate.engine.jdbc.connections.internal.DriverManagerConnectionProviderImpl configure
WARN: HHH10001002: Using Hibernate built-in connection pool (not for production use!)
mar. 03, 2025 9:16:32 PM org.hibernate.engine.jdbc.connections.internal.DriverManagerConnectionProviderImpl buildCreator
INFO: HHH10001005: using driver [org.postgresql.Driver] at URL [jdbc:postgresql://localhost:5432/task_list]
mar. 03, 2025 9:16:32 PM org.hibernate.engine.jdbc.connections.internal.DriverManagerConnectionProviderImpl buildCreator
INFO: HHH10001001: Connection properties: {password=****, user=postgres}
mar. 03, 2025 9:16:32 PM org.hibernate.engine.jdbc.connections.internal.DriverManagerConnectionProviderImpl buildCreator
INFO: HHH10001003: Autocommit mode: false
mar. 03, 2025 9:16:32 PM org.hibernate.engine.jdbc.connections.internal.DriverManagerConnectionProviderImpl$PooledConnections <init>
INFO: HHH000115: Hibernate connection pool size: 20 (min=1)
mar. 03, 2025 9:16:32 PM org.hibernate.dialect.Dialect <init>
INFO: HHH000400: Using dialect: org.hibernate.dialect.PostgreSQLDialect
mar. 03, 2025 9:16:32 PM org.hibernate.resource.transaction.backend.jdbc.internal.DdlTransactionIsolatorNonJtaImpl getIsolatedConnection
INFO: HHH10001501: Connection obtained from JdbcConnectionAccess [org.hibernate.engine.jdbc.env.internal.JdbcEnvironmentInitiator$ConnectionProviderJdbcConnectionAccess@17d76ebb] for (non-JTA) DDL execution was not in auto-commit mode; the Connection 'local transaction' will be committed and the Connection will be set into auto-commit mode.
mar. 03, 2025 9:16:32 PM org.hibernate.engine.transaction.jta.platform.internal.JtaPlatformInitiator initiateService
INFO: HHH000490: Using JtaPlatform implementation: [org.hibernate.engine.transaction.jta.platform.internal.NoJtaPlatform]
mar. 03, 2025 9:16:32 PM org.hibernate.engine.jdbc.connections.internal.DriverManagerConnectionProviderImpl$PoolState stop
INFO: HHH10001008: Cleaning up connection pool [jdbc:postgresql://localhost:5432/task_list]
mar. 03, 2025 9:16:32 PM org.hibernate.jpa.boot.spi.ProviderChecker hibernateProviderNamesContain
WARN: HHH015016: Encountered a deprecated javax.persistence.spi.PersistenceProvider [org.hibernate.ejb.HibernatePersistence]; [org.hibernate.jpa.HibernatePersistenceProvider] will be used instead.
mar. 03, 2025 9:16:32 PM org.hibernate.jpa.internal.util.LogHelper logPersistenceUnitInformation
INFO: HHH000204: Processing PersistenceUnitInfo [name: TaskListJPA]
mar. 03, 2025 9:16:33 PM org.hibernate.engine.jdbc.connections.internal.DriverManagerConnectionProviderImpl configure
WARN: HHH10001002: Using Hibernate built-in connection pool (not for production use!)
mar. 03, 2025 9:16:33 PM org.hibernate.engine.jdbc.connections.internal.DriverManagerConnectionProviderImpl buildCreator
INFO: HHH10001005: using driver [org.postgresql.Driver] at URL [jdbc:postgresql://localhost:5432/task_list]
mar. 03, 2025 9:16:33 PM org.hibernate.engine.jdbc.connections.internal.DriverManagerConnectionProviderImpl buildCreator
INFO: HHH10001001: Connection properties: {password=****, user=postgres}
mar. 03, 2025 9:16:33 PM org.hibernate.engine.jdbc.connections.internal.DriverManagerConnectionProviderImpl buildCreator
INFO: HHH10001003: Autocommit mode: false
mar. 03, 2025 9:16:33 PM org.hibernate.engine.jdbc.connections.internal.DriverManagerConnectionProviderImpl$PooledConnections <init>
INFO: HHH000115: Hibernate connection pool size: 20 (min=1)
mar. 03, 2025 9:16:33 PM org.hibernate.dialect.Dialect <init>
INFO: HHH000400: Using dialect: org.hibernate.dialect.PostgreSQLDialect
mar. 03, 2025 9:16:33 PM org.hibernate.resource.transaction.backend.jdbc.internal.DdlTransactionIsolatorNonJtaImpl getIsolatedConnection
INFO: HHH10001501: Connection obtained from JdbcConnectionAccess [org.hibernate.engine.jdbc.env.internal.JdbcEnvironmentInitiator$ConnectionProviderJdbcConnectionAccess@4e8d9bb6] for (non-JTA) DDL execution was not in auto-commit mode; the Connection 'local transaction' will be committed and the Connection will be set into auto-commit mode.
mar. 03, 2025 9:16:33 PM org.hibernate.engine.transaction.jta.platform.internal.JtaPlatformInitiator initiateService
INFO: HHH000490: Using JtaPlatform implementation: [org.hibernate.engine.transaction.jta.platform.internal.NoJtaPlatform]
mar. 03, 2025 9:16:33 PM org.hibernate.engine.jdbc.connections.internal.DriverManagerConnectionProviderImpl$PoolState stop
INFO: HHH10001008: Cleaning up connection pool [jdbc:postgresql://localhost:5432/task_list]
mar. 03, 2025 9:16:33 PM org.hibernate.jpa.boot.spi.ProviderChecker hibernateProviderNamesContain
WARN: HHH015016: Encountered a deprecated javax.persistence.spi.PersistenceProvider [org.hibernate.ejb.HibernatePersistence]; [org.hibernate.jpa.HibernatePersistenceProvider] will be used instead.
mar. 03, 2025 9:16:33 PM org.hibernate.jpa.internal.util.LogHelper logPersistenceUnitInformation
INFO: HHH000204: Processing PersistenceUnitInfo [name: TaskListJPA]
mar. 03, 2025 9:16:33 PM org.hibernate.engine.jdbc.connections.internal.DriverManagerConnectionProviderImpl configure
WARN: HHH10001002: Using Hibernate built-in connection pool (not for production use!)
mar. 03, 2025 9:16:33 PM org.hibernate.engine.jdbc.connections.internal.DriverManagerConnectionProviderImpl buildCreator
INFO: HHH10001005: using driver [org.postgresql.Driver] at URL [jdbc:postgresql://localhost:5432/task_list]
mar. 03, 2025 9:16:33 PM org.hibernate.engine.jdbc.connections.internal.DriverManagerConnectionProviderImpl buildCreator
INFO: HHH10001001: Connection properties: {password=****, user=postgres}
mar. 03, 2025 9:16:33 PM org.hibernate.engine.jdbc.connections.internal.DriverManagerConnectionProviderImpl buildCreator
INFO: HHH10001003: Autocommit mode: false
mar. 03, 2025 9:16:33 PM org.hibernate.engine.jdbc.connections.internal.DriverManagerConnectionProviderImpl$PooledConnections <init>
INFO: HHH000115: Hibernate connection pool size: 20 (min=1)
mar. 03, 2025 9:16:33 PM org.hibernate.dialect.Dialect <init>
INFO: HHH000400: Using dialect: org.hibernate.dialect.PostgreSQLDialect
mar. 03, 2025 9:16:33 PM org.hibernate.resource.transaction.backend.jdbc.internal.DdlTransactionIsolatorNonJtaImpl getIsolatedConnection
INFO: HHH10001501: Connection obtained from JdbcConnectionAccess [org.hibernate.engine.jdbc.env.internal.JdbcEnvironmentInitiator$ConnectionProviderJdbcConnectionAccess@5d96d434] for (non-JTA) DDL execution was not in auto-commit mode; the Connection 'local transaction' will be committed and the Connection will be set into auto-commit mode.
mar. 03, 2025 9:16:34 PM org.hibernate.engine.transaction.jta.platform.internal.JtaPlatformInitiator initiateService
INFO: HHH000490: Using JtaPlatform implementation: [org.hibernate.engine.transaction.jta.platform.internal.NoJtaPlatform]
mar. 03, 2025 9:16:34 PM org.hibernate.engine.jdbc.connections.internal.DriverManagerConnectionProviderImpl$PoolState stop
INFO: HHH10001008: Cleaning up connection pool [jdbc:postgresql://localhost:5432/task_list]
mar. 03, 2025 9:16:34 PM org.hibernate.jpa.boot.spi.ProviderChecker hibernateProviderNamesContain
WARN: HHH015016: Encountered a deprecated javax.persistence.spi.PersistenceProvider [org.hibernate.ejb.HibernatePersistence]; [org.hibernate.jpa.HibernatePersistenceProvider] will be used instead.
mar. 03, 2025 9:16:34 PM org.hibernate.jpa.internal.util.LogHelper logPersistenceUnitInformation
INFO: HHH000204: Processing PersistenceUnitInfo [name: TaskListJPA]
mar. 03, 2025 9:16:34 PM org.hibernate.engine.jdbc.connections.internal.DriverManagerConnectionProviderImpl configure
WARN: HHH10001002: Using Hibernate built-in connection pool (not for production use!)
mar. 03, 2025 9:16:34 PM org.hibernate.engine.jdbc.connections.internal.DriverManagerConnectionProviderImpl buildCreator
INFO: HHH10001005: using driver [org.postgresql.Driver] at URL [jdbc:postgresql://localhost:5432/task_list]
mar. 03, 2025 9:16:34 PM org.hibernate.engine.jdbc.connections.internal.DriverManagerConnectionProviderImpl buildCreator
INFO: HHH10001001: Connection properties: {password=****, user=postgres}
mar. 03, 2025 9:16:34 PM org.hibernate.engine.jdbc.connections.internal.DriverManagerConnectionProviderImpl buildCreator
INFO: HHH10001003: Autocommit mode: false
mar. 03, 2025 9:16:34 PM org.hibernate.engine.jdbc.connections.internal.DriverManagerConnectionProviderImpl$PooledConnections <init>
INFO: HHH000115: Hibernate connection pool size: 20 (min=1)
mar. 03, 2025 9:16:34 PM org.hibernate.dialect.Dialect <init>
INFO: HHH000400: Using dialect: org.hibernate.dialect.PostgreSQLDialect
mar. 03, 2025 9:16:34 PM org.hibernate.resource.transaction.backend.jdbc.internal.DdlTransactionIsolatorNonJtaImpl getIsolatedConnection
INFO: HHH10001501: Connection obtained from JdbcConnectionAccess [org.hibernate.engine.jdbc.env.internal.JdbcEnvironmentInitiator$ConnectionProviderJdbcConnectionAccess@655909e2] for (non-JTA) DDL execution was not in auto-commit mode; the Connection 'local transaction' will be committed and the Connection will be set into auto-commit mode.
mar. 03, 2025 9:16:34 PM org.hibernate.engine.transaction.jta.platform.internal.JtaPlatformInitiator initiateService
INFO: HHH000490: Using JtaPlatform implementation: [org.hibernate.engine.transaction.jta.platform.internal.NoJtaPlatform]
mar. 03, 2025 9:16:34 PM org.hibernate.engine.jdbc.connections.internal.DriverManagerConnectionProviderImpl$PoolState stop
INFO: HHH10001008: Cleaning up connection pool [jdbc:postgresql://localhost:5432/task_list]
]]></system-err>
  </testcase>
  <testcase name="searchAllTaskTest" classname="daoTest.TaskTestDao" time="14.216">
    <failure message="expected:&lt;2&gt; but was:&lt;3&gt;" type="java.lang.AssertionError"><![CDATA[java.lang.AssertionError: expected:<2> but was:<3>
	at org.junit.Assert.fail(Assert.java:89)
	at org.junit.Assert.failNotEquals(Assert.java:835)
	at org.junit.Assert.assertEquals(Assert.java:647)
	at org.junit.Assert.assertEquals(Assert.java:633)
	at daoTest.TaskTestDao.searchAllTaskTest(TaskTestDao.java:145)
	at java.base/jdk.internal.reflect.DirectMethodHandleAccessor.invoke(DirectMethodHandleAccessor.java:103)
	at java.base/java.lang.reflect.Method.invoke(Method.java:580)
	at org.junit.runners.model.FrameworkMethod$1.runReflectiveCall(FrameworkMethod.java:59)
	at org.junit.internal.runners.model.ReflectiveCallable.run(ReflectiveCallable.java:12)
	at org.junit.runners.model.FrameworkMethod.invokeExplosively(FrameworkMethod.java:56)
	at org.junit.internal.runners.statements.InvokeMethod.evaluate(InvokeMethod.java:17)
	at org.junit.internal.runners.statements.RunAfters.evaluate(RunAfters.java:27)
	at org.junit.runners.ParentRunner$3.evaluate(ParentRunner.java:306)
	at org.junit.runners.BlockJUnit4ClassRunner$1.evaluate(BlockJUnit4ClassRunner.java:100)
	at org.junit.runners.ParentRunner.runLeaf(ParentRunner.java:366)
	at org.junit.runners.BlockJUnit4ClassRunner.runChild(BlockJUnit4ClassRunner.java:103)
	at org.junit.runners.BlockJUnit4ClassRunner.runChild(BlockJUnit4ClassRunner.java:63)
	at org.junit.runners.ParentRunner$4.run(ParentRunner.java:331)
	at org.junit.runners.ParentRunner$1.schedule(ParentRunner.java:79)
	at org.junit.runners.ParentRunner.runChildren(ParentRunner.java:329)
	at org.junit.runners.ParentRunner.access$100(ParentRunner.java:66)
	at org.junit.runners.ParentRunner$2.evaluate(ParentRunner.java:293)
	at org.junit.runners.ParentRunner$3.evaluate(ParentRunner.java:306)
	at org.junit.runners.ParentRunner.run(ParentRunner.java:413)
	at org.apache.maven.surefire.junit4.JUnit4Provider.execute(JUnit4Provider.java:316)
	at org.apache.maven.surefire.junit4.JUnit4Provider.executeWithRerun(JUnit4Provider.java:240)
	at org.apache.maven.surefire.junit4.JUnit4Provider.executeTestSet(JUnit4Provider.java:214)
	at org.apache.maven.surefire.junit4.JUnit4Provider.invoke(JUnit4Provider.java:155)
	at org.apache.maven.surefire.booter.ForkedBooter.runSuitesInProcess(ForkedBooter.java:385)
	at org.apache.maven.surefire.booter.ForkedBooter.execute(ForkedBooter.java:162)
	at org.apache.maven.surefire.booter.ForkedBooter.run(ForkedBooter.java:507)
	at org.apache.maven.surefire.booter.ForkedBooter.main(ForkedBooter.java:495)
]]></failure>
    <system-out><![CDATA[Hibernate: 
    select
        nextval ('sq_taskList')
Hibernate: 
    insert 
    into
        tb_tasklist
        (date, id) 
    values
        (?, ?)
Hibernate: 
    select
        nextval ('sq_task')
Hibernate: 
    insert 
    into
        tb_task
        (date, mark, name, note, list_id, type, id) 
    values
        (?, ?, ?, ?, ?, 'Task', ?)
Hibernate: 
    select
        nextval ('sq_task')
Hibernate: 
    insert 
    into
        tb_task
        (date, mark, name, note, list_id, type, id) 
    values
        (?, ?, ?, ?, ?, 'Task', ?)
Hibernate: 
    select
        nextval ('sq_task')
Hibernate: 
    insert 
    into
        tb_task
        (date, mark, name, note, list_id, hour, type, id) 
    values
        (?, ?, ?, ?, ?, ?, 'Event', ?)
Hibernate: 
    select
        task0_.id as id2_0_,
        task0_.date as date3_0_,
        task0_.mark as mark4_0_,
        task0_.name as name5_0_,
        task0_.note as note6_0_,
        task0_.list_id as list_id8_0_,
        task0_.hour as hour7_0_,
        task0_.type as type1_0_ 
    from
        tb_task task0_ 
    where
        task0_.type='Task'
Hibernate: 
    select
        tasklist0_.id as id1_1_0_,
        tasklist0_.date as date2_1_0_ 
    from
        tb_tasklist tasklist0_ 
    where
        tasklist0_.id=?
Hibernate: 
    select
        tasklist0_.id as id1_1_0_,
        tasklist0_.date as date2_1_0_ 
    from
        tb_tasklist tasklist0_ 
    where
        tasklist0_.id=?
Hibernate: 
    select
        task0_.id as id2_0_,
        task0_.date as date3_0_,
        task0_.mark as mark4_0_,
        task0_.name as name5_0_,
        task0_.note as note6_0_,
        task0_.list_id as list_id8_0_,
        task0_.hour as hour7_0_,
        task0_.type as type1_0_ 
    from
        tb_task task0_
Hibernate: 
    select
        tasklist0_.id as id1_1_0_,
        tasklist0_.date as date2_1_0_ 
    from
        tb_tasklist tasklist0_ 
    where
        tasklist0_.id=?
Hibernate: 
    select
        tasklist0_.id as id1_1_0_,
        tasklist0_.date as date2_1_0_ 
    from
        tb_tasklist tasklist0_ 
    where
        tasklist0_.id=?
Hibernate: 
    select
        task0_.id as id2_0_0_,
        task0_.date as date3_0_0_,
        task0_.mark as mark4_0_0_,
        task0_.name as name5_0_0_,
        task0_.note as note6_0_0_,
        task0_.list_id as list_id8_0_0_,
        task0_.hour as hour7_0_0_,
        task0_.type as type1_0_0_ 
    from
        tb_task task0_ 
    where
        task0_.id=?
Hibernate: 
    select
        tasklist0_.id as id1_1_0_,
        tasklist0_.date as date2_1_0_ 
    from
        tb_tasklist tasklist0_ 
    where
        tasklist0_.id=?
Hibernate: 
    select
        nextval ('sq_task')
Hibernate: 
    insert 
    into
        tb_task
        (date, mark, name, note, list_id, type, id) 
    values
        (?, ?, ?, ?, ?, 'Task', ?)
Hibernate: 
    delete 
    from
        tb_task 
    where
        id=?
Hibernate: 
    select
        task0_.id as id2_0_0_,
        task0_.date as date3_0_0_,
        task0_.mark as mark4_0_0_,
        task0_.name as name5_0_0_,
        task0_.note as note6_0_0_,
        task0_.list_id as list_id8_0_0_,
        task0_.hour as hour7_0_0_,
        task0_.type as type1_0_0_ 
    from
        tb_task task0_ 
    where
        task0_.id=?
Hibernate: 
    select
        tasklist0_.id as id1_1_0_,
        tasklist0_.date as date2_1_0_ 
    from
        tb_tasklist tasklist0_ 
    where
        tasklist0_.id=?
Hibernate: 
    select
        nextval ('sq_task')
Hibernate: 
    insert 
    into
        tb_task
        (date, mark, name, note, list_id, type, id) 
    values
        (?, ?, ?, ?, ?, 'Task', ?)
Hibernate: 
    delete 
    from
        tb_task 
    where
        id=?
Hibernate: 
    select
        event0_.id as id2_0_0_,
        event0_.date as date3_0_0_,
        event0_.mark as mark4_0_0_,
        event0_.name as name5_0_0_,
        event0_.note as note6_0_0_,
        event0_.list_id as list_id8_0_0_,
        event0_.hour as hour7_0_0_ 
    from
        tb_task event0_ 
[...]
mar. 03, 2025 9:17:00 PM org.hibernate.jpa.internal.util.LogHelper logPersistenceUnitInformation
INFO: HHH000204: Processing PersistenceUnitInfo [name: TaskListJPA]
mar. 03, 2025 9:17:00 PM org.hibernate.engine.jdbc.connections.internal.DriverManagerConnectionProviderImpl configure
WARN: HHH10001002: Using Hibernate built-in connection pool (not for production use!)
mar. 03, 2025 9:17:00 PM org.hibernate.engine.jdbc.connections.internal.DriverManagerConnectionProviderImpl buildCreator
INFO: HHH10001005: using driver [org.postgresql.Driver] at URL [jdbc:postgresql://localhost:5432/task_list]
mar. 03, 2025 9:17:00 PM org.hibernate.engine.jdbc.connections.internal.DriverManagerConnectionProviderImpl buildCreator
INFO: HHH10001001: Connection properties: {password=****, user=postgres}
mar. 03, 2025 9:17:00 PM org.hibernate.engine.jdbc.connections.internal.DriverManagerConnectionProviderImpl buildCreator
INFO: HHH10001003: Autocommit mode: false
mar. 03, 2025 9:17:00 PM org.hibernate.engine.jdbc.connections.internal.DriverManagerConnectionProviderImpl$PooledConnections <init>
INFO: HHH000115: Hibernate connection pool size: 20 (min=1)
mar. 03, 2025 9:17:01 PM org.hibernate.dialect.Dialect <init>
INFO: HHH000400: Using dialect: org.hibernate.dialect.PostgreSQLDialect
mar. 03, 2025 9:17:01 PM org.hibernate.resource.transaction.backend.jdbc.internal.DdlTransactionIsolatorNonJtaImpl getIsolatedConnection
INFO: HHH10001501: Connection obtained from JdbcConnectionAccess [org.hibernate.engine.jdbc.env.internal.JdbcEnvironmentInitiator$ConnectionProviderJdbcConnectionAccess@22bbbe6] for (non-JTA) DDL execution was not in auto-commit mode; the Connection 'local transaction' will be committed and the Connection will be set into auto-commit mode.
mar. 03, 2025 9:17:01 PM org.hibernate.engine.transaction.jta.platform.internal.JtaPlatformInitiator initiateService
INFO: HHH000490: Using JtaPlatform implementation: [org.hibernate.engine.transaction.jta.platform.internal.NoJtaPlatform]
mar. 03, 2025 9:17:01 PM org.hibernate.engine.jdbc.connections.internal.DriverManagerConnectionProviderImpl$PoolState stop
INFO: HHH10001008: Cleaning up connection pool [jdbc:postgresql://localhost:5432/task_list]
mar. 03, 2025 9:17:01 PM org.hibernate.jpa.boot.spi.ProviderChecker hibernateProviderNamesContain
WARN: HHH015016: Encountered a deprecated javax.persistence.spi.PersistenceProvider [org.hibernate.ejb.HibernatePersistence]; [org.hibernate.jpa.HibernatePersistenceProvider] will be used instead.
mar. 03, 2025 9:17:01 PM org.hibernate.jpa.internal.util.LogHelper logPersistenceUnitInformation
INFO: HHH000204: Processing PersistenceUnitInfo [name: TaskListJPA]
mar. 03, 2025 9:17:01 PM org.hibernate.engine.jdbc.connections.internal.DriverManagerConnectionProviderImpl configure
WARN: HHH10001002: Using Hibernate built-in connection pool (not for production use!)
mar. 03, 2025 9:17:01 PM org.hibernate.engine.jdbc.connections.internal.DriverManagerConnectionProviderImpl buildCreator
INFO: HHH10001005: using driver [org.postgresql.Driver] at URL [jdbc:postgresql://localhost:5432/task_list]
mar. 03, 2025 9:17:01 PM org.hibernate.engine.jdbc.connections.internal.DriverManagerConnectionProviderImpl buildCreator
INFO: HHH10001001: Connection properties: {password=****, user=postgres}
mar. 03, 2025 9:17:01 PM org.hibernate.engine.jdbc.connections.internal.DriverManagerConnectionProviderImpl buildCreator
INFO: HHH10001003: Autocommit mode: false
mar. 03, 2025 9:17:01 PM org.hibernate.engine.jdbc.connections.internal.DriverManagerConnectionProviderImpl$PooledConnections <init>
INFO: HHH000115: Hibernate connection pool size: 20 (min=1)
mar. 03, 2025 9:17:01 PM org.hibernate.dialect.Dialect <init>
INFO: HHH000400: Using dialect: org.hibernate.dialect.PostgreSQLDialect
mar. 03, 2025 9:17:01 PM org.hibernate.resource.transaction.backend.jdbc.internal.DdlTransactionIsolatorNonJtaImpl getIsolatedConnection
INFO: HHH10001501: Connection obtained from JdbcConnectionAccess [org.hibernate.engine.jdbc.env.internal.JdbcEnvironmentInitiator$ConnectionProviderJdbcConnectionAccess@34e7a627] for (non-JTA) DDL execution was not in auto-commit mode; the Connection 'local transaction' will be committed and the Connection will be set into auto-commit mode.
mar. 03, 2025 9:17:01 PM org.hibernate.engine.transaction.jta.platform.internal.JtaPlatformInitiator initiateService
INFO: HHH000490: Using JtaPlatform implementation: [org.hibernate.engine.transaction.jta.platform.internal.NoJtaPlatform]
mar. 03, 2025 9:17:01 PM org.hibernate.engine.jdbc.connections.internal.DriverManagerConnectionProviderImpl$PoolState stop
INFO: HHH10001008: Cleaning up connection pool [jdbc:postgresql://localhost:5432/task_list]
mar. 03, 2025 9:17:01 PM org.hibernate.jpa.boot.spi.ProviderChecker hibernateProviderNamesContain
WARN: HHH015016: Encountered a deprecated javax.persistence.spi.PersistenceProvider [org.hibernate.ejb.HibernatePersistence]; [org.hibernate.jpa.HibernatePersistenceProvider] will be used instead.
mar. 03, 2025 9:17:01 PM org.hibernate.jpa.internal.util.LogHelper logPersistenceUnitInformation
INFO: HHH000204: Processing PersistenceUnitInfo [name: TaskListJPA]
mar. 03, 2025 9:17:01 PM org.hibernate.engine.jdbc.connections.internal.DriverManagerConnectionProviderImpl configure
WARN: HHH10001002: Using Hibernate built-in connection pool (not for production use!)
mar. 03, 2025 9:17:01 PM org.hibernate.engine.jdbc.connections.internal.DriverManagerConnectionProviderImpl buildCreator
INFO: HHH10001005: using driver [org.postgresql.Driver] at URL [jdbc:postgresql://localhost:5432/task_list]
mar. 03, 2025 9:17:01 PM org.hibernate.engine.jdbc.connections.internal.DriverManagerConnectionProviderImpl buildCreator
INFO: HHH10001001: Connection properties: {password=****, user=postgres}
mar. 03, 2025 9:17:01 PM org.hibernate.engine.jdbc.connections.internal.DriverManagerConnectionProviderImpl buildCreator
INFO: HHH10001003: Autocommit mode: false
mar. 03, 2025 9:17:01 PM org.hibernate.engine.jdbc.connections.internal.DriverManagerConnectionProviderImpl$PooledConnections <init>
INFO: HHH000115: Hibernate connection pool size: 20 (min=1)
mar. 03, 2025 9:17:02 PM org.hibernate.dialect.Dialect <init>
INFO: HHH000400: Using dialect: org.hibernate.dialect.PostgreSQLDialect
mar. 03, 2025 9:17:02 PM org.hibernate.resource.transaction.backend.jdbc.internal.DdlTransactionIsolatorNonJtaImpl getIsolatedConnection
INFO: HHH10001501: Connection obtained from JdbcConnectionAccess [org.hibernate.engine.jdbc.env.internal.JdbcEnvironmentInitiator$ConnectionProviderJdbcConnectionAccess@67836d4] for (non-JTA) DDL execution was not in auto-commit mode; the Connection 'local transaction' will be committed and the Connection will be set into auto-commit mode.
mar. 03, 2025 9:17:02 PM org.hibernate.engine.transaction.jta.platform.internal.JtaPlatformInitiator initiateService
INFO: HHH000490: Using JtaPlatform implementation: [org.hibernate.engine.transaction.jta.platform.internal.NoJtaPlatform]
mar. 03, 2025 9:17:02 PM org.hibernate.engine.jdbc.connections.internal.DriverManagerConnectionProviderImpl$PoolState stop
INFO: HHH10001008: Cleaning up connection pool [jdbc:postgresql://localhost:5432/task_list]
mar. 03, 2025 9:17:02 PM org.hibernate.jpa.boot.spi.ProviderChecker hibernateProviderNamesContain
WARN: HHH015016: Encountered a deprecated javax.persistence.spi.PersistenceProvider [org.hibernate.ejb.HibernatePersistence]; [org.hibernate.jpa.HibernatePersistenceProvider] will be used instead.
mar. 03, 2025 9:17:02 PM org.hibernate.jpa.internal.util.LogHelper logPersistenceUnitInformation
INFO: HHH000204: Processing PersistenceUnitInfo [name: TaskListJPA]
mar. 03, 2025 9:17:02 PM org.hibernate.engine.jdbc.connections.internal.DriverManagerConnectionProviderImpl configure
WARN: HHH10001002: Using Hibernate built-in connection pool (not for production use!)
mar. 03, 2025 9:17:02 PM org.hibernate.engine.jdbc.connections.internal.DriverManagerConnectionProviderImpl buildCreator
INFO: HHH10001005: using driver [org.postgresql.Driver] at URL [jdbc:postgresql://localhost:5432/task_list]
mar. 03, 2025 9:17:02 PM org.hibernate.engine.jdbc.connections.internal.DriverManagerConnectionProviderImpl buildCreator
INFO: HHH10001001: Connection properties: {password=****, user=postgres}
mar. 03, 2025 9:17:02 PM org.hibernate.engine.jdbc.connections.internal.DriverManagerConnectionProviderImpl buildCreator
INFO: HHH10001003: Autocommit mode: false
mar. 03, 2025 9:17:02 PM org.hibernate.engine.jdbc.connections.internal.DriverManagerConnectionProviderImpl$PooledConnections <init>
INFO: HHH000115: Hibernate connection pool size: 20 (min=1)
mar. 03, 2025 9:17:02 PM org.hibernate.dialect.Dialect <init>
INFO: HHH000400: Using dialect: org.hibernate.dialect.PostgreSQLDialect
mar. 03, 2025 9:17:02 PM org.hibernate.resource.transaction.backend.jdbc.internal.DdlTransactionIsolatorNonJtaImpl getIsolatedConnection
INFO: HHH10001501: Connection obtained from JdbcConnectionAccess [org.hibernate.engine.jdbc.env.internal.JdbcEnvironmentInitiator$ConnectionProviderJdbcConnectionAccess@7966a964] for (non-JTA) DDL execution was not in auto-commit mode; the Connection 'local transaction' will be committed and the Connection will be set into auto-commit mode.
mar. 03, 2025 9:17:02 PM org.hibernate.engine.transaction.jta.platform.internal.JtaPlatformInitiator initiateService
INFO: HHH000490: Using JtaPlatform implementation: [org.hibernate.engine.transaction.jta.platform.internal.NoJtaPlatform]
mar. 03, 2025 9:17:02 PM org.hibernate.engine.jdbc.connections.internal.DriverManagerConnectionProviderImpl$PoolState stop
INFO: HHH10001008: Cleaning up connection pool [jdbc:postgresql://localhost:5432/task_list]
mar. 03, 2025 9:17:02 PM org.hibernate.jpa.boot.spi.ProviderChecker hibernateProviderNamesContain
WARN: HHH015016: Encountered a deprecated javax.persistence.spi.PersistenceProvider [org.hibernate.ejb.HibernatePersistence]; [org.hibernate.jpa.HibernatePersistenceProvider] will be used instead.
mar. 03, 2025 9:17:02 PM org.hibernate.jpa.internal.util.LogHelper logPersistenceUnitInformation
INFO: HHH000204: Processing PersistenceUnitInfo [name: TaskListJPA]
mar. 03, 2025 9:17:02 PM org.hibernate.engine.jdbc.connections.internal.DriverManagerConnectionProviderImpl configure
WARN: HHH10001002: Using Hibernate built-in connection pool (not for production use!)
mar. 03, 2025 9:17:02 PM org.hibernate.engine.jdbc.connections.internal.DriverManagerConnectionProviderImpl buildCreator
INFO: HHH10001005: using driver [org.postgresql.Driver] at URL [jdbc:postgresql://localhost:5432/task_list]
mar. 03, 2025 9:17:02 PM org.hibernate.engine.jdbc.connections.internal.DriverManagerConnectionProviderImpl buildCreator
INFO: HHH10001001: Connection properties: {password=****, user=postgres}
mar. 03, 2025 9:17:02 PM org.hibernate.engine.jdbc.connections.internal.DriverManagerConnectionProviderImpl buildCreator
INFO: HHH10001003: Autocommit mode: false
mar. 03, 2025 9:17:02 PM org.hibernate.engine.jdbc.connections.internal.DriverManagerConnectionProviderImpl$PooledConnections <init>
INFO: HHH000115: Hibernate connection pool size: 20 (min=1)
mar. 03, 2025 9:17:02 PM org.hibernate.dialect.Dialect <init>
INFO: HHH000400: Using dialect: org.hibernate.dialect.PostgreSQLDialect
mar. 03, 2025 9:17:03 PM org.hibernate.resource.transaction.backend.jdbc.internal.DdlTransactionIsolatorNonJtaImpl getIsolatedConnection
INFO: HHH10001501: Connection obtained from JdbcConnectionAccess [org.hibernate.engine.jdbc.env.internal.JdbcEnvironmentInitiator$ConnectionProviderJdbcConnectionAccess@6c79a7c1] for (non-JTA) DDL execution was not in auto-commit mode; the Connection 'local transaction' will be committed and the Connection will be set into auto-commit mode.
mar. 03, 2025 9:17:03 PM org.hibernate.engine.transaction.jta.platform.internal.JtaPlatformInitiator initiateService
INFO: HHH000490: Using JtaPlatform implementation: [org.hibernate.engine.transaction.jta.platform.internal.NoJtaPlatform]
mar. 03, 2025 9:17:03 PM org.hibernate.engine.jdbc.connections.internal.DriverManagerConnectionProviderImpl$PoolState stop
INFO: HHH10001008: Cleaning up connection pool [jdbc:postgresql://localhost:5432/task_list]
mar. 03, 2025 9:17:03 PM org.hibernate.jpa.boot.spi.ProviderChecker hibernateProviderNamesContain
WARN: HHH015016: Encountered a deprecated javax.persistence.spi.PersistenceProvider [org.hibernate.ejb.HibernatePersistence]; [org.hibernate.jpa.HibernatePersistenceProvider] will be used instead.
mar. 03, 2025 9:17:03 PM org.hibernate.jpa.internal.util.LogHelper logPersistenceUnitInformation
INFO: HHH000204: Processing PersistenceUnitInfo [name: TaskListJPA]
mar. 03, 2025 9:17:03 PM org.hibernate.engine.jdbc.connections.internal.DriverManagerConnectionProviderImpl configure
WARN: HHH10001002: Using Hibernate built-in connection pool (not for production use!)
mar. 03, 2025 9:17:03 PM org.hibernate.engine.jdbc.connections.internal.DriverManagerConnectionProviderImpl buildCreator
INFO: HHH10001005: using driver [org.postgresql.Driver] at URL [jdbc:postgresql://localhost:5432/task_list]
mar. 03, 2025 9:17:03 PM org.hibernate.engine.jdbc.connections.internal.DriverManagerConnectionProviderImpl buildCreator
INFO: HHH10001001: Connection properties: {password=****, user=postgres}
mar. 03, 2025 9:17:03 PM org.hibernate.engine.jdbc.connections.internal.DriverManagerConnectionProviderImpl buildCreator
INFO: HHH10001003: Autocommit mode: false
mar. 03, 2025 9:17:03 PM org.hibernate.engine.jdbc.connections.internal.DriverManagerConnectionProviderImpl$PooledConnections <init>
INFO: HHH000115: Hibernate connection pool size: 20 (min=1)
mar. 03, 2025 9:17:03 PM org.hibernate.dialect.Dialect <init>
INFO: HHH000400: Using dialect: org.hibernate.dialect.PostgreSQLDialect
mar. 03, 2025 9:17:03 PM org.hibernate.resource.transaction.backend.jdbc.internal.DdlTransactionIsolatorNonJtaImpl getIsolatedConnection
INFO: HHH10001501: Connection obtained from JdbcConnectionAccess [org.hibernate.engine.jdbc.env.internal.JdbcEnvironmentInitiator$ConnectionProviderJdbcConnectionAccess@a23b96b] for (non-JTA) DDL execution was not in auto-commit mode; the Connection 'local transaction' will be committed and the Connection will be set into auto-commit mode.
mar. 03, 2025 9:17:03 PM org.hibernate.engine.transaction.jta.platform.internal.JtaPlatformInitiator initiateService
INFO: HHH000490: Using JtaPlatform implementation: [org.hibernate.engine.transaction.jta.platform.internal.NoJtaPlatform]
mar. 03, 2025 9:17:03 PM org.hibernate.engine.jdbc.connections.internal.DriverManagerConnectionProviderImpl$PoolState stop
INFO: HHH10001008: Cleaning up connection pool [jdbc:postgresql://localhost:5432/task_list]
mar. 03, 2025 9:17:03 PM org.hibernate.jpa.boot.spi.ProviderChecker hibernateProviderNamesContain
WARN: HHH015016: Encountered a deprecated javax.persistence.spi.PersistenceProvider [org.hibernate.ejb.HibernatePersistence]; [org.hibernate.jpa.HibernatePersistenceProvider] will be used instead.
mar. 03, 2025 9:17:03 PM org.hibernate.jpa.internal.util.LogHelper logPersistenceUnitInformation
INFO: HHH000204: Processing PersistenceUnitInfo [name: TaskListJPA]
mar. 03, 2025 9:17:03 PM org.hibernate.engine.jdbc.connections.internal.DriverManagerConnectionProviderImpl configure
WARN: HHH10001002: Using Hibernate built-in connection pool (not for production use!)
mar. 03, 2025 9:17:03 PM org.hibernate.engine.jdbc.connections.internal.DriverManagerConnectionProviderImpl buildCreator
INFO: HHH10001005: using driver [org.postgresql.Driver] at URL [jdbc:postgresql://localhost:5432/task_list]
mar. 03, 2025 9:17:03 PM org.hibernate.engine.jdbc.connections.internal.DriverManagerConnectionProviderImpl buildCreator
INFO: HHH10001001: Connection properties: {password=****, user=postgres}
mar. 03, 2025 9:17:03 PM org.hibernate.engine.jdbc.connections.internal.DriverManagerConnectionProviderImpl buildCreator
INFO: HHH10001003: Autocommit mode: false
mar. 03, 2025 9:17:03 PM org.hibernate.engine.jdbc.connections.internal.DriverManagerConnectionProviderImpl$PooledConnections <init>
INFO: HHH000115: Hibernate connection pool size: 20 (min=1)
mar. 03, 2025 9:17:03 PM org.hibernate.dialect.Dialect <init>
INFO: HHH000400: Using dialect: org.hibernate.dialect.PostgreSQLDialect
mar. 03, 2025 9:17:03 PM org.hibernate.resource.transaction.backend.jdbc.internal.DdlTransactionIsolatorNonJtaImpl getIsolatedConnection
INFO: HHH10001501: Connection obtained from JdbcConnectionAccess [org.hibernate.engine.jdbc.env.internal.JdbcEnvironmentInitiator$ConnectionProviderJdbcConnectionAccess@27a8bfa1] for (non-JTA) DDL execution was not in auto-commit mode; the Connection 'local transaction' will be committed and the Connection will be set into auto-commit mode.
mar. 03, 2025 9:17:03 PM org.hibernate.engine.transaction.jta.platform.internal.JtaPlatformInitiator initiateService
INFO: HHH000490: Using JtaPlatform implementation: [org.hibernate.engine.transaction.jta.platform.internal.NoJtaPlatform]
mar. 03, 2025 9:17:03 PM org.hibernate.engine.jdbc.connections.internal.DriverManagerConnectionProviderImpl$PoolState stop
INFO: HHH10001008: Cleaning up connection pool [jdbc:postgresql://localhost:5432/task_list]
mar. 03, 2025 9:17:03 PM org.hibernate.jpa.boot.spi.ProviderChecker hibernateProviderNamesContain
WARN: HHH015016: Encountered a deprecated javax.persistence.spi.PersistenceProvider [org.hibernate.ejb.HibernatePersistence]; [org.hibernate.jpa.HibernatePersistenceProvider] will be used instead.
mar. 03, 2025 9:17:03 PM org.hibernate.jpa.internal.util.LogHelper logPersistenceUnitInformation
INFO: HHH000204: Processing PersistenceUnitInfo [name: TaskListJPA]
mar. 03, 2025 9:17:04 PM org.hibernate.engine.jdbc.connections.internal.DriverManagerConnectionProviderImpl configure
WARN: HHH10001002: Using Hibernate built-in connection pool (not for production use!)
mar. 03, 2025 9:17:04 PM org.hibernate.engine.jdbc.connections.internal.DriverManagerConnectionProviderImpl buildCreator
INFO: HHH10001005: using driver [org.postgresql.Driver] at URL [jdbc:postgresql://localhost:5432/task_list]
mar. 03, 2025 9:17:04 PM org.hibernate.engine.jdbc.connections.internal.DriverManagerConnectionProviderImpl buildCreator
INFO: HHH10001001: Connection properties: {password=****, user=postgres}
mar. 03, 2025 9:17:04 PM org.hibernate.engine.jdbc.connections.internal.DriverManagerConnectionProviderImpl buildCreator
INFO: HHH10001003: Autocommit mode: false
mar. 03, 2025 9:17:04 PM org.hibernate.engine.jdbc.connections.internal.DriverManagerConnectionProviderImpl$PooledConnections <init>
INFO: HHH000115: Hibernate connection pool size: 20 (min=1)
mar. 03, 2025 9:17:04 PM org.hibernate.dialect.Dialect <init>
INFO: HHH000400: Using dialect: org.hibernate.dialect.PostgreSQLDialect
mar. 03, 2025 9:17:04 PM org.hibernate.resource.transaction.backend.jdbc.internal.DdlTransactionIsolatorNonJtaImpl getIsolatedConnection
INFO: HHH10001501: Connection obtained from JdbcConnectionAccess [org.hibernate.engine.jdbc.env.internal.JdbcEnvironmentInitiator$ConnectionProviderJdbcConnectionAccess@3d268a2c] for (non-JTA) DDL execution was not in auto-commit mode; the Connection 'local transaction' will be committed and the Connection will be set into auto-commit mode.
mar. 03, 2025 9:17:04 PM org.hibernate.engine.transaction.jta.platform.internal.JtaPlatformInitiator initiateService
INFO: HHH000490: Using JtaPlatform implementation: [org.hibernate.engine.transaction.jta.platform.internal.NoJtaPlatform]
mar. 03, 2025 9:17:04 PM org.hibernate.engine.jdbc.connections.internal.DriverManagerConnectionProviderImpl$PoolState stop
INFO: HHH10001008: Cleaning up connection pool [jdbc:postgresql://localhost:5432/task_list]
]]></system-err>
  </testcase>
</testsuite>